<?xml version="1.0" encoding="UTF-8"?>
<coverage generated="1787496590556" clover="3.2.0">
  <project timestamp="1787496590556" name="All files">
    <metrics statements="5109" coveredstatements="2059" conditionals="4567" coveredconditionals="1205" methods="876" coveredmethods="442" elements="10552" coveredelements="3706" complexity="0" loc="5109" ncloc="5109" packages="4" files="33" classes="33"/>
    <package name="defs">
      <metrics statements="177" coveredstatements="147" conditionals="51" coveredconditionals="31" methods="21" coveredmethods="11"/>
      <file name="catalog.ts" path="C:\Users\ronta\PycharmProjects\gardena\src\game\defs\catalog.ts">
        <metrics statements="43" coveredstatements="32" conditionals="4" coveredconditionals="0" methods="6" coveredmethods="0"/>
        <line num="46" count="1" type="stmt"/>
        <line num="47" count="1" type="stmt"/>
        <line num="48" count="1" type="stmt"/>
        <line num="49" count="1" type="stmt"/>
        <line num="50" count="1" type="stmt"/>
        <line num="51" count="1" type="stmt"/>
        <line num="53" count="1" type="stmt"/>
        <line num="55" count="1" type="stmt"/>
        <line num="57" count="1" type="stmt"/>
        <line num="58" count="1" type="stmt"/>
        <line num="60" count="1" type="stmt"/>
        <line num="62" count="1" type="stmt"/>
        <line num="64" count="1" type="stmt"/>
        <line num="65" count="1" type="stmt"/>
        <line num="67" count="1" type="stmt"/>
        <line num="69" count="1" type="stmt"/>
        <line num="71" count="1" type="stmt"/>
        <line num="72" count="1" type="stmt"/>
        <line num="75" count="1" type="stmt"/>
        <line num="76" count="1" type="stmt"/>
        <line num="77" count="1" type="stmt"/>
        <line num="78" count="1" type="stmt"/>
        <line num="80" count="1" type="stmt"/>
        <line num="81" count="1" type="stmt"/>
        <line num="82" count="1" type="stmt"/>
        <line num="84" count="1" type="stmt"/>
        <line num="86" count="1" type="stmt"/>
        <line num="87" count="1" type="stmt"/>
        <line num="89" count="1" type="stmt"/>
        <line num="92" count="0" type="stmt"/>
        <line num="93" count="0" type="cond" truecount="0" falsecount="2"/>
        <line num="94" count="0" type="stmt"/>
        <line num="98" count="1" type="stmt"/>
        <line num="104" count="1" type="stmt"/>
        <line num="105" count="1" type="stmt"/>
        <line num="108" count="0" type="cond" truecount="0" falsecount="2"/>
        <line num="109" count="0" type="stmt"/>
        <line num="113" count="0" type="stmt"/>
        <line num="114" count="0" type="stmt"/>
        <line num="115" count="0" type="stmt"/>
        <line num="116" count="0" type="stmt"/>
        <line num="123" count="0" type="stmt"/>
        <line num="283" count="0" type="stmt"/>
      </file>
      <file name="crops.ts" path="C:\Users\ronta\PycharmProjects\gardena\src\game\defs\crops.ts">
        <metrics statements="7" coveredstatements="7" conditionals="4" coveredconditionals="4" methods="3" coveredmethods="3"/>
        <line num="20" count="1" type="stmt"/>
        <line num="192" count="1" type="stmt"/>
        <line num="199" count="7778" type="stmt"/>
        <line num="200" count="7778" type="cond" truecount="2" falsecount="0"/>
        <line num="203" count="1" type="stmt"/>
        <line num="221" count="1" type="stmt"/>
        <line num="225" count="3" type="cond" truecount="2" falsecount="0"/>
      </file>
      <file name="items.ts" path="C:\Users\ronta\PycharmProjects\gardena\src\game\defs\items.ts">
        <metrics statements="50" coveredstatements="50" conditionals="0" coveredconditionals="0" methods="0" coveredmethods="0"/>
        <line num="5" count="1" type="stmt"/>
        <line num="11" count="1" type="stmt"/>
        <line num="17" count="1" type="stmt"/>
        <line num="22" count="1" type="stmt"/>
        <line num="23" count="1" type="stmt"/>
        <line num="24" count="1" type="stmt"/>
        <line num="25" count="1" type="stmt"/>
        <line num="26" count="1" type="stmt"/>
        <line num="27" count="1" type="stmt"/>
        <line num="28" count="1" type="stmt"/>
        <line num="29" count="1" type="stmt"/>
        <line num="30" count="1" type="stmt"/>
        <line num="31" count="1" type="stmt"/>
        <line num="32" count="1" type="stmt"/>
        <line num="33" count="1" type="stmt"/>
        <line num="34" count="1" type="stmt"/>
        <line num="35" count="1" type="stmt"/>
        <line num="36" count="1" type="stmt"/>
        <line num="37" count="1" type="stmt"/>
        <line num="38" count="1" type="stmt"/>
        <line num="39" count="1" type="stmt"/>
        <line num="40" count="1" type="stmt"/>
        <line num="41" count="1" type="stmt"/>
        <line num="42" count="1" type="stmt"/>
        <line num="52" count="1" type="stmt"/>
        <line num="53" count="1" type="stmt"/>
        <line num="54" count="1" type="stmt"/>
        <line num="55" count="1" type="stmt"/>
        <line num="56" count="1" type="stmt"/>
        <line num="57" count="1" type="stmt"/>
        <line num="58" count="1" type="stmt"/>
        <line num="59" count="1" type="stmt"/>
        <line num="60" count="1" type="stmt"/>
        <line num="61" count="1" type="stmt"/>
        <line num="62" count="1" type="stmt"/>
        <line num="63" count="1" type="stmt"/>
        <line num="64" count="1" type="stmt"/>
        <line num="65" count="1" type="stmt"/>
        <line num="66" count="1" type="stmt"/>
        <line num="67" count="1" type="stmt"/>
        <line num="68" count="1" type="stmt"/>
        <line num="69" count="1" type="stmt"/>
        <line num="70" count="1" type="stmt"/>
        <line num="71" count="1" type="stmt"/>
        <line num="72" count="1" type="stmt"/>
        <line num="73" count="1" type="stmt"/>
        <line num="74" count="1" type="stmt"/>
        <line num="79" count="1" type="stmt"/>
        <line num="85" count="1" type="stmt"/>
        <line num="91" count="1" type="stmt"/>
      </file>
      <file name="rarity.ts" path="C:\Users\ronta\PycharmProjects\gardena\src\game\defs\rarity.ts">
        <metrics statements="35" coveredstatements="35" conditionals="20" coveredconditionals="20" methods="5" coveredmethods="5"/>
        <line num="3" count="1" type="stmt"/>
        <line num="10" count="1" type="stmt"/>
        <line num="17" count="1" type="stmt"/>
        <line num="24" count="1" type="stmt"/>
        <line num="31" count="1" type="stmt"/>
        <line num="38" count="1" type="stmt"/>
        <line num="41" count="3889" type="cond" truecount="2" falsecount="0"/>
        <line num="44" count="1" type="stmt"/>
        <line num="46" count="1" type="stmt"/>
        <line num="48" count="1" type="stmt"/>
        <line num="50" count="1" type="stmt"/>
        <line num="52" count="1" type="stmt"/>
        <line num="54" count="1" type="stmt"/>
        <line num="56" count="1" type="stmt"/>
        <line num="58" count="1" type="stmt"/>
        <line num="61" count="17" type="stmt"/>
        <line num="62" count="17" type="stmt"/>
        <line num="63" count="17" type="cond" truecount="2" falsecount="0"/>
        <line num="64" count="2" type="stmt"/>
        <line num="68" count="7" type="stmt"/>
        <line num="69" count="7" type="stmt"/>
        <line num="70" count="7" type="stmt"/>
        <line num="74" count="13" type="stmt"/>
        <line num="75" count="13" type="cond" truecount="2" falsecount="0"/>
        <line num="76" count="11" type="cond" truecount="2" falsecount="0"/>
        <line num="77" count="9" type="cond" truecount="2" falsecount="0"/>
        <line num="78" count="8" type="stmt"/>
        <line num="82" count="38" type="cond" truecount="2" falsecount="0"/>
        <line num="83" count="14" type="stmt"/>
        <line num="84" count="14" type="stmt"/>
        <line num="85" count="14" type="stmt"/>
        <line num="86" count="14" type="cond" truecount="2" falsecount="0"/>
        <line num="87" count="9" type="cond" truecount="2" falsecount="0"/>
        <line num="88" count="7" type="cond" truecount="2" falsecount="0"/>
        <line num="89" count="1" type="stmt"/>
      </file>
      <file name="research.ts" path="C:\Users\ronta\PycharmProjects\gardena\src\game\defs\research.ts">
        <metrics statements="3" coveredstatements="3" conditionals="0" coveredconditionals="0" methods="0" coveredmethods="0"/>
        <line num="21" count="1" type="stmt"/>
        <line num="277" count="1" type="stmt"/>
        <line num="294" count="1" type="stmt"/>
      </file>
      <file name="skills.ts" path="C:\Users\ronta\PycharmProjects\gardena\src\game\defs\skills.ts">
        <metrics statements="34" coveredstatements="15" conditionals="23" coveredconditionals="7" methods="7" coveredmethods="3"/>
        <line num="14" count="1" type="stmt"/>
        <line num="16" count="1" type="stmt"/>
        <line num="34" count="1" type="stmt"/>
        <line num="47" count="1" type="stmt"/>
        <line num="50" count="4" type="cond" truecount="1" falsecount="1"/>
        <line num="51" count="4" type="cond" truecount="1" falsecount="1"/>
        <line num="54" count="1" type="stmt"/>
        <line num="64" count="1" type="stmt"/>
        <line num="75" count="1" type="stmt"/>
        <line num="124" count="31" type="stmt"/>
        <line num="127" count="1" type="stmt"/>
        <line num="367" count="1" type="stmt"/>
        <line num="370" count="0" type="stmt"/>
        <line num="374" count="0" type="stmt"/>
        <line num="375" count="0" type="cond" truecount="0" falsecount="2"/>
        <line num="376" count="0" type="stmt"/>
        <line num="380" count="0" type="cond" truecount="0" falsecount="12"/>
        <line num="382" count="0" type="stmt"/>
        <line num="384" count="0" type="stmt"/>
        <line num="386" count="0" type="stmt"/>
        <line num="388" count="0" type="stmt"/>
        <line num="390" count="0" type="stmt"/>
        <line num="392" count="0" type="stmt"/>
        <line num="394" count="0" type="stmt"/>
        <line num="396" count="0" type="stmt"/>
        <line num="398" count="0" type="stmt"/>
        <line num="400" count="0" type="stmt"/>
        <line num="401" count="0" type="stmt"/>
        <line num="404" count="0" type="stmt"/>
        <line num="405" count="0" type="stmt"/>
        <line num="408" count="0" type="stmt"/>
        <line num="413" count="264" type="cond" truecount="2" falsecount="0"/>
        <line num="414" count="176" type="cond" truecount="2" falsecount="0"/>
        <line num="415" count="88" type="stmt"/>
      </file>
      <file name="trees.ts" path="C:\Users\ronta\PycharmProjects\gardena\src\game\defs\trees.ts">
        <metrics statements="5" coveredstatements="5" conditionals="0" coveredconditionals="0" methods="0" coveredmethods="0"/>
        <line num="3" count="1" type="stmt"/>
        <line num="4" count="1" type="stmt"/>
        <line num="5" count="1" type="stmt"/>
        <line num="13" count="1" type="stmt"/>
        <line num="20" count="1" type="stmt"/>
      </file>
    </package>
    <package name="sim">
      <metrics statements="4536" coveredstatements="1768" conditionals="4103" coveredconditionals="1159" methods="779" coveredmethods="409"/>
      <file name="actor.ts" path="C:\Users\ronta\PycharmProjects\gardena\src\game\sim\actor.ts">
        <metrics statements="18" coveredstatements="14" conditionals="6" coveredconditionals="5" methods="4" coveredmethods="3"/>
        <line num="3" count="1" type="stmt"/>
        <line num="8" count="88" type="stmt"/>
        <line num="11" count="88" type="stmt"/>
        <line num="12" count="88" type="stmt"/>
        <line num="16" count="0" type="stmt"/>
        <line num="20" count="78" type="cond" truecount="4" falsecount="0"/>
        <line num="24" count="24" type="stmt"/>
        <line num="25" count="24" type="stmt"/>
        <line num="26" count="24" type="stmt"/>
        <line num="27" count="24" type="stmt"/>
        <line num="28" count="24" type="stmt"/>
        <line num="29" count="24" type="stmt"/>
        <line num="30" count="24" type="cond" truecount="1" falsecount="1"/>
        <line num="31" count="0" type="stmt"/>
        <line num="32" count="0" type="stmt"/>
        <line num="33" count="0" type="stmt"/>
        <line num="35" count="24" type="stmt"/>
        <line num="36" count="24" type="stmt"/>
      </file>
      <file name="building.ts" path="C:\Users\ronta\PycharmProjects\gardena\src\game\sim\building.ts">
        <metrics statements="123" coveredstatements="88" conditionals="37" coveredconditionals="19" methods="32" coveredmethods="24"/>
        <line num="15" count="1" type="stmt"/>
        <line num="18" count="47360" type="stmt"/>
        <line num="22" count="406" type="stmt"/>
        <line num="31" count="244496" type="stmt"/>
        <line num="38" count="44646" type="stmt"/>
        <line num="42" count="2939" type="stmt"/>
        <line num="43" count="2939" type="cond" truecount="2" falsecount="0"/>
        <line num="46" count="1" type="stmt"/>
        <line num="54" count="0" type="stmt"/>
        <line num="55" count="0" type="stmt"/>
        <line num="56" count="0" type="stmt"/>
        <line num="57" count="0" type="stmt"/>
        <line num="58" count="0" type="stmt"/>
        <line num="59" count="0" type="stmt"/>
        <line num="60" count="0" type="cond" truecount="0" falsecount="2"/>
        <line num="61" count="0" type="cond" truecount="0" falsecount="2"/>
        <line num="62" count="0" type="cond" truecount="0" falsecount="2"/>
        <line num="63" count="0" type="cond" truecount="0" falsecount="2"/>
        <line num="65" count="0" type="stmt"/>
        <line num="69" count="0" type="cond" truecount="0" falsecount="2"/>
        <line num="70" count="0" type="stmt"/>
        <line num="71" count="0" type="cond" truecount="0" falsecount="4"/>
        <line num="75" count="631" type="stmt"/>
        <line num="76" count="631" type="stmt"/>
        <line num="77" count="631" type="stmt"/>
        <line num="78" count="841" type="stmt"/>
        <line num="79" count="1785" type="cond" truecount="2" falsecount="0"/>
        <line num="80" count="1755" type="cond" truecount="1" falsecount="1"/>
        <line num="83" count="631" type="stmt"/>
        <line num="87" count="631" type="cond" truecount="2" falsecount="0"/>
        <line num="88" count="488" type="stmt"/>
        <line num="95" count="143" type="stmt"/>
        <line num="104" count="1755" type="stmt"/>
        <line num="105" count="1755" type="stmt"/>
        <line num="106" count="1755" type="stmt"/>
        <line num="107" count="1755" type="stmt"/>
        <line num="108" count="1755" type="cond" truecount="2" falsecount="0"/>
        <line num="109" count="1614" type="stmt"/>
        <line num="110" count="1614" type="stmt"/>
        <line num="111" count="1614" type="stmt"/>
        <line num="112" count="1614" type="stmt"/>
        <line num="113" count="1614" type="stmt"/>
        <line num="114" count="1614" type="stmt"/>
        <line num="115" count="1614" type="cond" truecount="3" falsecount="1"/>
        <line num="116" count="1614" type="stmt"/>
        <line num="118" count="141" type="stmt"/>
        <line num="130" count="141" type="stmt"/>
        <line num="131" count="141" type="stmt"/>
        <line num="132" count="141" type="stmt"/>
        <line num="133" count="141" type="stmt"/>
        <line num="134" count="141" type="cond" truecount="1" falsecount="1"/>
        <line num="135" count="141" type="stmt"/>
        <line num="136" count="141" type="stmt"/>
        <line num="137" count="141" type="stmt"/>
        <line num="138" count="141" type="stmt"/>
        <line num="139" count="141" type="stmt"/>
        <line num="140" count="141" type="stmt"/>
        <line num="141" count="141" type="cond" truecount="3" falsecount="1"/>
        <line num="142" count="141" type="stmt"/>
        <line num="146" count="282" type="stmt"/>
        <line num="149" count="1" type="stmt"/>
        <line num="150" count="1" type="stmt"/>
        <line num="151" count="1" type="stmt"/>
        <line num="152" count="1" type="stmt"/>
        <line num="153" count="1" type="stmt"/>
        <line num="158" count="1" type="stmt"/>
        <line num="161" count="88" type="stmt"/>
        <line num="165" count="88" type="stmt"/>
        <line num="166" count="88" type="stmt"/>
        <line num="171" count="92" type="stmt"/>
        <line num="176" count="92" type="stmt"/>
        <line num="177" count="92" type="stmt"/>
        <line num="178" count="92" type="stmt"/>
        <line num="183" count="0" type="stmt"/>
        <line num="185" count="0" type="stmt"/>
        <line num="187" count="0" type="stmt"/>
        <line num="192" count="0" type="stmt"/>
        <line num="194" count="0" type="stmt"/>
        <line num="196" count="0" type="stmt"/>
        <line num="201" count="2773" type="stmt"/>
        <line num="204" count="2773" type="stmt"/>
        <line num="214" count="93" type="stmt"/>
        <line num="221" count="93" type="stmt"/>
        <line num="222" count="93" type="stmt"/>
        <line num="223" count="93" type="stmt"/>
        <line num="224" count="93" type="stmt"/>
        <line num="225" count="93" type="stmt"/>
        <line num="230" count="4" type="stmt"/>
        <line num="234" count="4" type="stmt"/>
        <line num="235" count="36" type="stmt"/>
        <line num="240" count="5" type="stmt"/>
        <line num="243" count="5" type="stmt"/>
        <line num="248" count="0" type="stmt"/>
        <line num="250" count="0" type="stmt"/>
        <line num="251" count="0" type="stmt"/>
        <line num="253" count="0" type="stmt"/>
        <line num="258" count="88" type="stmt"/>
        <line num="261" count="88" type="stmt"/>
        <line num="266" count="1" type="stmt"/>
        <line num="268" count="1" type="stmt"/>
        <line num="269" count="1" type="stmt"/>
        <line num="270" count="1" type="stmt"/>
        <line num="272" count="1" type="stmt"/>
        <line num="277" count="0" type="stmt"/>
        <line num="279" count="0" type="stmt"/>
        <line num="280" count="0" type="stmt"/>
        <line num="281" count="0" type="stmt"/>
        <line num="282" count="0" type="stmt"/>
        <line num="284" count="0" type="stmt"/>
        <line num="289" count="1" type="stmt"/>
        <line num="291" count="1" type="stmt"/>
        <line num="292" count="1" type="stmt"/>
        <line num="293" count="1" type="stmt"/>
        <line num="295" count="1" type="stmt"/>
        <line num="300" count="0" type="stmt"/>
        <line num="302" count="0" type="stmt"/>
        <line num="303" count="0" type="stmt"/>
        <line num="304" count="0" type="stmt"/>
        <line num="306" count="0" type="stmt"/>
        <line num="311" count="1" type="stmt"/>
        <line num="315" count="1" type="stmt"/>
        <line num="316" count="6" type="stmt"/>
        <line num="321" count="9" type="stmt"/>
      </file>
      <file name="clock.ts" path="C:\Users\ronta\PycharmProjects\gardena\src\game\sim\clock.ts">
        <metrics statements="20" coveredstatements="19" conditionals="10" coveredconditionals="10" methods="4" coveredmethods="3"/>
        <line num="1" count="1" type="stmt"/>
        <line num="5" count="1" type="stmt"/>
        <line num="13" count="2" type="stmt"/>
        <line num="17" count="89" type="stmt"/>
        <line num="18" count="89" type="stmt"/>
        <line num="19" count="89" type="stmt"/>
        <line num="22" count="0" type="stmt"/>
        <line num="26" count="4" type="stmt"/>
        <line num="27" count="4" type="cond" truecount="2" falsecount="0"/>
        <line num="28" count="3" type="cond" truecount="2" falsecount="0"/>
        <line num="29" count="2" type="cond" truecount="2" falsecount="0"/>
        <line num="30" count="1" type="stmt"/>
        <line num="34" count="4816" type="cond" truecount="2" falsecount="0"/>
        <line num="35" count="6" type="stmt"/>
        <line num="36" count="6" type="stmt"/>
        <line num="37" count="6" type="stmt"/>
        <line num="38" count="6" type="stmt"/>
        <line num="40" count="4810" type="stmt"/>
        <line num="41" count="4810" type="cond" truecount="2" falsecount="0"/>
        <line num="42" count="4810" type="stmt"/>
      </file>
      <file name="drop.ts" path="C:\Users\ronta\PycharmProjects\gardena\src\game\sim\drop.ts">
        <metrics statements="5" coveredstatements="1" conditionals="6" coveredconditionals="2" methods="4" coveredmethods="2"/>
        <line num="7" count="0" type="stmt"/>
        <line num="8" count="0" type="stmt"/>
        <line num="9" count="0" type="cond" truecount="0" falsecount="4"/>
        <line num="11" count="0" type="stmt"/>
        <line num="15" count="43" type="cond" truecount="2" falsecount="0"/>
      </file>
      <file name="gen.ts" path="C:\Users\ronta\PycharmProjects\gardena\src\game\sim\gen.ts">
        <metrics statements="79" coveredstatements="79" conditionals="44" coveredconditionals="43" methods="13" coveredmethods="13"/>
        <line num="24" count="1" type="stmt"/>
        <line num="26" count="1" type="stmt"/>
        <line num="33" count="19" type="stmt"/>
        <line num="37" count="90" type="stmt"/>
        <line num="38" count="90" type="stmt"/>
        <line num="39" count="2880" type="stmt"/>
        <line num="40" count="92160" type="stmt"/>
        <line num="41" count="2880" type="stmt"/>
        <line num="43" count="90" type="stmt"/>
        <line num="44" count="90" type="stmt"/>
        <line num="45" count="90" type="stmt"/>
        <line num="46" count="90" type="stmt"/>
        <line num="47" count="2880" type="stmt"/>
        <line num="48" count="92160" type="stmt"/>
        <line num="49" count="92160" type="cond" truecount="2" falsecount="0"/>
        <line num="50" count="90488" type="cond" truecount="2" falsecount="0"/>
        <line num="51" count="90158" type="stmt"/>
        <line num="52" count="90158" type="stmt"/>
        <line num="53" count="90158" type="cond" truecount="2" falsecount="0"/>
        <line num="54" count="1790" type="stmt"/>
        <line num="55" count="1790" type="stmt"/>
        <line num="57" count="88368" type="stmt"/>
        <line num="58" count="88368" type="stmt"/>
        <line num="61" count="90" type="stmt"/>
        <line num="62" count="90" type="cond" truecount="4" falsecount="0"/>
        <line num="63" count="1056" type="stmt"/>
        <line num="64" count="90" type="stmt"/>
        <line num="65" count="176" type="stmt"/>
        <line num="66" count="90" type="stmt"/>
        <line num="70" count="88" type="stmt"/>
        <line num="71" count="88" type="stmt"/>
        <line num="72" count="88" type="stmt"/>
        <line num="73" count="213" type="stmt"/>
        <line num="74" count="213" type="stmt"/>
        <line num="75" count="213" type="cond" truecount="1" falsecount="1"/>
        <line num="76" count="213" type="cond" truecount="4" falsecount="0"/>
        <line num="77" count="205" type="stmt"/>
        <line num="78" count="205" type="stmt"/>
        <line num="79" count="205" type="cond" truecount="6" falsecount="0"/>
        <line num="80" count="88" type="stmt"/>
        <line num="81" count="88" type="stmt"/>
        <line num="82" count="88" type="stmt"/>
        <line num="83" count="88" type="stmt"/>
        <line num="89" count="1790" type="stmt"/>
        <line num="90" count="1790" type="cond" truecount="2" falsecount="0"/>
        <line num="91" count="181" type="stmt"/>
        <line num="92" count="181" type="cond" truecount="2" falsecount="0"/>
        <line num="93" count="172" type="stmt"/>
        <line num="94" count="172" type="stmt"/>
        <line num="95" count="172" type="stmt"/>
        <line num="96" count="172" type="stmt"/>
        <line num="98" count="1609" type="cond" truecount="2" falsecount="0"/>
        <line num="99" count="163" type="stmt"/>
        <line num="100" count="163" type="cond" truecount="2" falsecount="0"/>
        <line num="101" count="158" type="stmt"/>
        <line num="102" count="158" type="stmt"/>
        <line num="103" count="158" type="stmt"/>
        <line num="104" count="158" type="stmt"/>
        <line num="107" count="1460" type="stmt"/>
        <line num="110" count="1" type="stmt"/>
        <line num="113" count="90488" type="stmt"/>
        <line num="117" count="90" type="stmt"/>
        <line num="118" count="90" type="stmt"/>
        <line num="119" count="2880" type="stmt"/>
        <line num="120" count="92160" type="cond" truecount="2" falsecount="0"/>
        <line num="121" count="90488" type="cond" truecount="2" falsecount="0"/>
        <line num="122" count="15312" type="stmt"/>
        <line num="123" count="15312" type="cond" truecount="2" falsecount="0"/>
        <line num="124" count="301" type="stmt"/>
        <line num="125" count="258" type="stmt"/>
        <line num="127" count="15054" type="cond" truecount="4" falsecount="0"/>
        <line num="128" count="828" type="stmt"/>
        <line num="135" count="344" type="cond" truecount="2" falsecount="0"/>
        <line num="136" count="335" type="cond" truecount="2" falsecount="0"/>
        <line num="137" count="331" type="stmt"/>
        <line num="141" count="106962" type="stmt"/>
        <line num="142" count="106962" type="stmt"/>
        <line num="146" count="93113" type="stmt"/>
        <line num="147" count="93113" type="stmt"/>
      </file>
      <file name="ids.ts" path="C:\Users\ronta\PycharmProjects\gardena\src\game\sim\ids.ts">
        <metrics statements="7" coveredstatements="7" conditionals="4" coveredconditionals="4" methods="3" coveredmethods="3"/>
        <line num="17" count="1" type="stmt"/>
        <line num="30" count="1" type="stmt"/>
        <line num="33" count="28" type="cond" truecount="4" falsecount="0"/>
        <line num="37" count="4" type="stmt"/>
        <line num="52" count="1" type="stmt"/>
        <line num="54" count="1" type="stmt"/>
        <line num="56" count="6" type="stmt"/>
      </file>
      <file name="item.ts" path="C:\Users\ronta\PycharmProjects\gardena\src\game\sim\item.ts">
        <metrics statements="291" coveredstatements="71" conditionals="342" coveredconditionals="62" methods="29" coveredmethods="13"/>
        <line num="123" count="0" type="cond" truecount="0" falsecount="2"/>
        <line num="124" count="0" type="cond" truecount="0" falsecount="2"/>
        <line num="125" count="0" type="cond" truecount="0" falsecount="2"/>
        <line num="126" count="0" type="cond" truecount="0" falsecount="2"/>
        <line num="128" count="0" type="cond" truecount="0" falsecount="2"/>
        <line num="129" count="0" type="cond" truecount="0" falsecount="2"/>
        <line num="130" count="0" type="cond" truecount="0" falsecount="2"/>
        <line num="131" count="0" type="cond" truecount="0" falsecount="2"/>
        <line num="132" count="0" type="cond" truecount="0" falsecount="2"/>
        <line num="133" count="0" type="stmt"/>
        <line num="137" count="0" type="stmt"/>
        <line num="140" count="1" type="stmt"/>
        <line num="146" count="1" type="stmt"/>
        <line num="153" count="1" type="cond" truecount="1" falsecount="1"/>
        <line num="154" count="1" type="stmt"/>
        <line num="158" count="0" type="cond" truecount="0" falsecount="2"/>
        <line num="162" count="1" type="stmt"/>
        <line num="166" count="2" type="stmt"/>
        <line num="173" count="2" type="stmt"/>
        <line num="177" count="20" type="cond" truecount="1" falsecount="1"/>
        <line num="178" count="20" type="cond" truecount="5" falsecount="0"/>
        <line num="179" count="5" type="cond" truecount="1" falsecount="1"/>
        <line num="186" count="5" type="stmt"/>
        <line num="188" count="0" type="stmt"/>
        <line num="192" count="5" type="cond" truecount="1" falsecount="1"/>
        <line num="193" count="5" type="stmt"/>
        <line num="194" count="5" type="cond" truecount="2" falsecount="0"/>
        <line num="195" count="3" type="cond" truecount="2" falsecount="0"/>
        <line num="196" count="1" type="cond" truecount="1" falsecount="3"/>
        <line num="197" count="1" type="cond" truecount="1" falsecount="1"/>
        <line num="198" count="1" type="cond" truecount="1" falsecount="1"/>
        <line num="199" count="1" type="cond" truecount="1" falsecount="1"/>
        <line num="200" count="1" type="cond" truecount="1" falsecount="1"/>
        <line num="201" count="1" type="cond" truecount="1" falsecount="1"/>
        <line num="202" count="0" type="cond" truecount="0" falsecount="2"/>
        <line num="203" count="0" type="cond" truecount="0" falsecount="2"/>
        <line num="204" count="0" type="cond" truecount="0" falsecount="2"/>
        <line num="205" count="0" type="cond" truecount="0" falsecount="2"/>
        <line num="206" count="0" type="cond" truecount="0" falsecount="2"/>
        <line num="207" count="0" type="cond" truecount="0" falsecount="4"/>
        <line num="208" count="0" type="cond" truecount="0" falsecount="2"/>
        <line num="209" count="0" type="cond" truecount="0" falsecount="2"/>
        <line num="210" count="0" type="cond" truecount="0" falsecount="2"/>
        <line num="211" count="0" type="cond" truecount="0" falsecount="2"/>
        <line num="212" count="0" type="cond" truecount="0" falsecount="2"/>
        <line num="213" count="0" type="cond" truecount="0" falsecount="2"/>
        <line num="214" count="0" type="cond" truecount="0" falsecount="2"/>
        <line num="215" count="0" type="stmt"/>
        <line num="218" count="1" type="stmt"/>
        <line num="226" count="0" type="stmt"/>
        <line num="230" count="0" type="stmt"/>
        <line num="234" count="2" type="cond" truecount="1" falsecount="1"/>
        <line num="235" count="0" type="stmt"/>
        <line num="237" count="2" type="cond" truecount="1" falsecount="1"/>
        <line num="238" count="0" type="stmt"/>
        <line num="240" count="2" type="cond" truecount="1" falsecount="1"/>
        <line num="241" count="0" type="cond" truecount="0" falsecount="2"/>
        <line num="242" count="0" type="stmt"/>
        <line num="244" count="2" type="cond" truecount="1" falsecount="1"/>
        <line num="245" count="0" type="stmt"/>
        <line num="247" count="2" type="cond" truecount="1" falsecount="1"/>
        <line num="248" count="0" type="stmt"/>
        <line num="250" count="2" type="cond" truecount="1" falsecount="1"/>
        <line num="251" count="0" type="stmt"/>
        <line num="253" count="2" type="cond" truecount="1" falsecount="1"/>
        <line num="254" count="0" type="stmt"/>
        <line num="255" count="0" type="cond" truecount="0" falsecount="2"/>
        <line num="256" count="0" type="stmt"/>
        <line num="257" count="0" type="cond" truecount="0" falsecount="2"/>
        <line num="258" count="0" type="stmt"/>
        <line num="260" count="2" type="cond" truecount="1" falsecount="1"/>
        <line num="261" count="2" type="cond" truecount="1" falsecount="1"/>
        <line num="262" count="2" type="cond" truecount="2" falsecount="0"/>
        <line num="263" count="1" type="stmt"/>
        <line num="265" count="1" type="cond" truecount="1" falsecount="1"/>
        <line num="266" count="0" type="cond" truecount="0" falsecount="2"/>
        <line num="267" count="0" type="cond" truecount="0" falsecount="2"/>
        <line num="268" count="0" type="cond" truecount="0" falsecount="2"/>
        <line num="269" count="0" type="cond" truecount="0" falsecount="2"/>
        <line num="270" count="0" type="stmt"/>
        <line num="272" count="0" type="cond" truecount="0" falsecount="2"/>
        <line num="273" count="0" type="cond" truecount="0" falsecount="2"/>
        <line num="274" count="0" type="cond" truecount="0" falsecount="2"/>
        <line num="275" count="0" type="cond" truecount="0" falsecount="2"/>
        <line num="276" count="0" type="cond" truecount="0" falsecount="2"/>
        <line num="277" count="0" type="cond" truecount="0" falsecount="2"/>
        <line num="278" count="0" type="cond" truecount="0" falsecount="2"/>
        <line num="279" count="0" type="stmt"/>
        <line num="283" count="0" type="cond" truecount="0" falsecount="2"/>
        <line num="284" count="0" type="stmt"/>
        <line num="288" count="40" type="cond" truecount="18" falsecount="27"/>
        <line num="290" count="0" type="stmt"/>
        <line num="292" count="0" type="stmt"/>
        <line num="294" count="0" type="stmt"/>
        <line num="296" count="0" type="stmt"/>
        <line num="298" count="0" type="stmt"/>
        <line num="300" count="0" type="stmt"/>
        <line num="302" count="0" type="stmt"/>
        <line num="304" count="0" type="stmt"/>
        <line num="306" count="0" type="stmt"/>
        <line num="308" count="0" type="stmt"/>
        <line num="310" count="0" type="stmt"/>
        <line num="312" count="0" type="stmt"/>
        <line num="314" count="0" type="stmt"/>
        <line num="316" count="0" type="stmt"/>
        <line num="318" count="0" type="stmt"/>
        <line num="320" count="0" type="stmt"/>
        <line num="322" count="1" type="stmt"/>
        <line num="324" count="0" type="stmt"/>
        <line num="326" count="0" type="stmt"/>
        <line num="328" count="0" type="stmt"/>
        <line num="330" count="1" type="stmt"/>
        <line num="332" count="5" type="stmt"/>
        <line num="334" count="4" type="stmt"/>
        <line num="336" count="2" type="stmt"/>
        <line num="338" count="13" type="stmt"/>
        <line num="340" count="1" type="stmt"/>
        <line num="342" count="1" type="stmt"/>
        <line num="344" count="1" type="stmt"/>
        <line num="346" count="3" type="stmt"/>
        <line num="348" count="1" type="stmt"/>
        <line num="350" count="1" type="stmt"/>
        <line num="352" count="1" type="stmt"/>
        <line num="354" count="0" type="stmt"/>
        <line num="356" count="0" type="stmt"/>
        <line num="358" count="0" type="stmt"/>
        <line num="360" count="0" type="stmt"/>
        <line num="362" count="0" type="stmt"/>
        <line num="364" count="0" type="stmt"/>
        <line num="366" count="0" type="stmt"/>
        <line num="368" count="1" type="stmt"/>
        <line num="370" count="1" type="stmt"/>
        <line num="372" count="1" type="stmt"/>
        <line num="374" count="1" type="stmt"/>
        <line num="376" count="1" type="stmt"/>
        <line num="378" count="0" type="stmt"/>
        <line num="383" count="0" type="cond" truecount="0" falsecount="45"/>
        <line num="385" count="0" type="stmt"/>
        <line num="387" count="0" type="stmt"/>
        <line num="389" count="0" type="stmt"/>
        <line num="391" count="0" type="stmt"/>
        <line num="393" count="0" type="stmt"/>
        <line num="395" count="0" type="stmt"/>
        <line num="397" count="0" type="stmt"/>
        <line num="399" count="0" type="stmt"/>
        <line num="401" count="0" type="stmt"/>
        <line num="403" count="0" type="stmt"/>
        <line num="407" count="0" type="stmt"/>
        <line num="412" count="0" type="stmt"/>
        <line num="417" count="0" type="stmt"/>
        <line num="419" count="0" type="stmt"/>
        <line num="424" count="0" type="stmt"/>
        <line num="426" count="0" type="stmt"/>
        <line num="430" count="0" type="stmt"/>
        <line num="432" count="0" type="stmt"/>
        <line num="434" count="0" type="stmt"/>
        <line num="438" count="0" type="stmt"/>
        <line num="442" count="0" type="stmt"/>
        <line num="447" count="0" type="stmt"/>
        <line num="452" count="0" type="stmt"/>
        <line num="454" count="0" type="stmt"/>
        <line num="460" count="0" type="stmt"/>
        <line num="462" count="0" type="stmt"/>
        <line num="464" count="0" type="stmt"/>
        <line num="468" count="0" type="stmt"/>
        <line num="470" count="0" type="stmt"/>
        <line num="475" count="0" type="stmt"/>
        <line num="477" count="0" type="stmt"/>
        <line num="482" count="0" type="stmt"/>
        <line num="486" count="0" type="stmt"/>
        <line num="488" count="0" type="stmt"/>
        <line num="490" count="0" type="stmt"/>
        <line num="492" count="0" type="stmt"/>
        <line num="494" count="0" type="stmt"/>
        <line num="496" count="0" type="stmt"/>
        <line num="501" count="0" type="stmt"/>
        <line num="506" count="0" type="stmt"/>
        <line num="511" count="0" type="stmt"/>
        <line num="518" count="0" type="stmt"/>
        <line num="524" count="0" type="stmt"/>
        <line num="529" count="0" type="stmt"/>
        <line num="531" count="0" type="stmt"/>
        <line num="535" count="1" type="stmt"/>
        <line num="537" count="1" type="stmt"/>
        <line num="539" count="1" type="stmt"/>
        <line num="542" count="0" type="cond" truecount="0" falsecount="2"/>
        <line num="543" count="0" type="cond" truecount="0" falsecount="2"/>
        <line num="544" count="0" type="cond" truecount="0" falsecount="2"/>
        <line num="545" count="0" type="cond" truecount="0" falsecount="2"/>
        <line num="546" count="0" type="cond" truecount="0" falsecount="2"/>
        <line num="547" count="0" type="cond" truecount="0" falsecount="2"/>
        <line num="548" count="0" type="cond" truecount="0" falsecount="2"/>
        <line num="549" count="0" type="cond" truecount="0" falsecount="2"/>
        <line num="550" count="0" type="stmt"/>
        <line num="552" count="0" type="cond" truecount="0" falsecount="2"/>
        <line num="553" count="0" type="cond" truecount="0" falsecount="2"/>
        <line num="554" count="0" type="cond" truecount="0" falsecount="2"/>
        <line num="555" count="0" type="cond" truecount="0" falsecount="2"/>
        <line num="556" count="0" type="cond" truecount="0" falsecount="2"/>
        <line num="557" count="0" type="cond" truecount="0" falsecount="2"/>
        <line num="558" count="0" type="cond" truecount="0" falsecount="2"/>
        <line num="559" count="0" type="cond" truecount="0" falsecount="2"/>
        <line num="560" count="0" type="cond" truecount="0" falsecount="2"/>
        <line num="561" count="0" type="cond" truecount="0" falsecount="2"/>
        <line num="562" count="0" type="cond" truecount="0" falsecount="2"/>
        <line num="563" count="0" type="cond" truecount="0" falsecount="2"/>
        <line num="564" count="0" type="cond" truecount="0" falsecount="2"/>
        <line num="565" count="0" type="cond" truecount="0" falsecount="2"/>
        <line num="566" count="0" type="stmt"/>
        <line num="570" count="89" type="stmt"/>
        <line num="571" count="89" type="stmt"/>
        <line num="575" count="4" type="stmt"/>
        <line num="576" count="4" type="stmt"/>
        <line num="580" count="88" type="stmt"/>
        <line num="584" count="0" type="stmt"/>
        <line num="588" count="0" type="stmt"/>
        <line num="592" count="0" type="stmt"/>
        <line num="596" count="0" type="stmt"/>
        <line num="600" count="0" type="stmt"/>
        <line num="604" count="40" type="cond" truecount="8" falsecount="37"/>
        <line num="606" count="7" type="stmt"/>
        <line num="608" count="0" type="stmt"/>
        <line num="610" count="9" type="stmt"/>
        <line num="612" count="0" type="stmt"/>
        <line num="614" count="0" type="stmt"/>
        <line num="616" count="0" type="stmt"/>
        <line num="618" count="0" type="stmt"/>
        <line num="620" count="0" type="stmt"/>
        <line num="622" count="0" type="stmt"/>
        <line num="624" count="0" type="stmt"/>
        <line num="626" count="0" type="stmt"/>
        <line num="628" count="0" type="stmt"/>
        <line num="630" count="0" type="stmt"/>
        <line num="632" count="0" type="stmt"/>
        <line num="634" count="0" type="stmt"/>
        <line num="636" count="0" type="stmt"/>
        <line num="638" count="0" type="stmt"/>
        <line num="640" count="0" type="stmt"/>
        <line num="642" count="0" type="stmt"/>
        <line num="644" count="0" type="stmt"/>
        <line num="646" count="0" type="stmt"/>
        <line num="648" count="4" type="stmt"/>
        <line num="650" count="3" type="stmt"/>
        <line num="652" count="1" type="stmt"/>
        <line num="654" count="7" type="stmt"/>
        <line num="656" count="7" type="stmt"/>
        <line num="658" count="0" type="stmt"/>
        <line num="660" count="0" type="stmt"/>
        <line num="662" count="2" type="stmt"/>
        <line num="664" count="0" type="stmt"/>
        <line num="666" count="0" type="stmt"/>
        <line num="668" count="0" type="stmt"/>
        <line num="670" count="0" type="stmt"/>
        <line num="672" count="0" type="stmt"/>
        <line num="674" count="0" type="stmt"/>
        <line num="676" count="0" type="stmt"/>
        <line num="678" count="0" type="stmt"/>
        <line num="680" count="0" type="stmt"/>
        <line num="682" count="0" type="stmt"/>
        <line num="684" count="0" type="stmt"/>
        <line num="686" count="0" type="stmt"/>
        <line num="688" count="0" type="stmt"/>
        <line num="690" count="0" type="stmt"/>
        <line num="692" count="0" type="stmt"/>
        <line num="694" count="0" type="stmt"/>
        <line num="705" count="0" type="cond" truecount="0" falsecount="2"/>
        <line num="706" count="0" type="cond" truecount="0" falsecount="2"/>
        <line num="707" count="0" type="cond" truecount="0" falsecount="5"/>
        <line num="708" count="0" type="stmt"/>
        <line num="710" count="0" type="stmt"/>
        <line num="720" count="0" type="stmt"/>
        <line num="721" count="0" type="cond" truecount="0" falsecount="2"/>
        <line num="722" count="0" type="cond" truecount="0" falsecount="2"/>
        <line num="723" count="0" type="stmt"/>
        <line num="724" count="0" type="stmt"/>
        <line num="726" count="0" type="cond" truecount="0" falsecount="4"/>
        <line num="727" count="0" type="stmt"/>
        <line num="731" count="0" type="stmt"/>
        <line num="732" count="0" type="cond" truecount="0" falsecount="2"/>
        <line num="733" count="0" type="stmt"/>
        <line num="734" count="0" type="cond" truecount="0" falsecount="2"/>
        <line num="735" count="0" type="stmt"/>
        <line num="736" count="0" type="stmt"/>
        <line num="738" count="0" type="cond" truecount="0" falsecount="4"/>
        <line num="739" count="0" type="stmt"/>
        <line num="740" count="0" type="stmt"/>
        <line num="741" count="0" type="stmt"/>
        <line num="742" count="0" type="cond" truecount="0" falsecount="2"/>
        <line num="743" count="0" type="stmt"/>
        <line num="745" count="0" type="stmt"/>
        <line num="756" count="3" type="stmt"/>
      </file>
      <file name="log.ts" path="C:\Users\ronta\PycharmProjects\gardena\src\game\sim\log.ts">
        <metrics statements="10" coveredstatements="4" conditionals="0" coveredconditionals="0" methods="6" coveredmethods="2"/>
        <line num="8" count="1" type="stmt"/>
        <line num="81" count="89" type="stmt"/>
        <line num="83" count="130" type="stmt"/>
        <line num="86" count="88" type="stmt"/>
        <line num="93" count="0" type="stmt"/>
        <line num="96" count="0" type="stmt"/>
        <line num="97" count="0" type="stmt"/>
        <line num="100" count="0" type="stmt"/>
        <line num="101" count="0" type="stmt"/>
        <line num="104" count="0" type="stmt"/>
      </file>
      <file name="machine.ts" path="C:\Users\ronta\PycharmProjects\gardena\src\game\sim\machine.ts">
        <metrics statements="74" coveredstatements="20" conditionals="101" coveredconditionals="17" methods="28" coveredmethods="12"/>
        <line num="23" count="45" type="cond" truecount="1" falsecount="1"/>
        <line num="27" count="1" type="cond" truecount="1" falsecount="1"/>
        <line num="28" count="0" type="cond" truecount="0" falsecount="2"/>
        <line num="29" count="0" type="cond" truecount="0" falsecount="2"/>
        <line num="30" count="0" type="stmt"/>
        <line num="34" count="1" type="cond" truecount="1" falsecount="1"/>
        <line num="35" count="1" type="stmt"/>
        <line num="37" count="0" type="cond" truecount="0" falsecount="2"/>
        <line num="38" count="0" type="cond" truecount="0" falsecount="2"/>
        <line num="39" count="0" type="stmt"/>
        <line num="43" count="9" type="cond" truecount="1" falsecount="1"/>
        <line num="44" count="0" type="cond" truecount="0" falsecount="5"/>
        <line num="45" count="0" type="stmt"/>
        <line num="49" count="6" type="cond" truecount="1" falsecount="1"/>
        <line num="50" count="0" type="cond" truecount="0" falsecount="5"/>
        <line num="51" count="0" type="stmt"/>
        <line num="55" count="1" type="cond" truecount="1" falsecount="1"/>
        <line num="56" count="0" type="cond" truecount="0" falsecount="5"/>
        <line num="57" count="0" type="stmt"/>
        <line num="61" count="3" type="cond" truecount="1" falsecount="1"/>
        <line num="62" count="3" type="stmt"/>
        <line num="63" count="3" type="cond" truecount="2" falsecount="3"/>
        <line num="64" count="0" type="stmt"/>
        <line num="68" count="3" type="cond" truecount="1" falsecount="3"/>
        <line num="69" count="3" type="stmt"/>
        <line num="70" count="3" type="cond" truecount="1" falsecount="1"/>
        <line num="71" count="3" type="cond" truecount="3" falsecount="1"/>
        <line num="72" count="0" type="cond" truecount="0" falsecount="4"/>
        <line num="73" count="0" type="cond" truecount="0" falsecount="4"/>
        <line num="74" count="0" type="stmt"/>
        <line num="78" count="3" type="stmt"/>
        <line num="79" count="3" type="cond" truecount="2" falsecount="3"/>
        <line num="80" count="0" type="stmt"/>
        <line num="84" count="0" type="stmt"/>
        <line num="85" count="0" type="cond" truecount="0" falsecount="2"/>
        <line num="93" count="0" type="stmt"/>
        <line num="95" count="0" type="stmt"/>
        <line num="99" count="0" type="cond" truecount="0" falsecount="2"/>
        <line num="100" count="0" type="stmt"/>
        <line num="104" count="43" type="stmt"/>
        <line num="113" count="1" type="cond" truecount="0" falsecount="2"/>
        <line num="114" count="1" type="cond" truecount="1" falsecount="1"/>
        <line num="115" count="0" type="stmt"/>
        <line num="116" count="0" type="stmt"/>
        <line num="118" count="1" type="stmt"/>
        <line num="122" count="0" type="stmt"/>
        <line num="123" count="0" type="cond" truecount="0" falsecount="2"/>
        <line num="124" count="0" type="stmt"/>
        <line num="125" count="0" type="stmt"/>
        <line num="127" count="0" type="stmt"/>
        <line num="131" count="0" type="stmt"/>
        <line num="132" count="0" type="cond" truecount="0" falsecount="2"/>
        <line num="133" count="0" type="stmt"/>
        <line num="134" count="0" type="cond" truecount="0" falsecount="2"/>
        <line num="135" count="0" type="cond" truecount="0" falsecount="2"/>
        <line num="136" count="0" type="stmt"/>
        <line num="140" count="0" type="stmt"/>
        <line num="141" count="0" type="stmt"/>
        <line num="142" count="0" type="stmt"/>
        <line num="143" count="0" type="stmt"/>
        <line num="144" count="0" type="cond" truecount="0" falsecount="2"/>
        <line num="145" count="0" type="cond" truecount="0" falsecount="4"/>
        <line num="146" count="0" type="stmt"/>
        <line num="150" count="0" type="cond" truecount="0" falsecount="2"/>
        <line num="151" count="0" type="stmt"/>
        <line num="152" count="0" type="cond" truecount="0" falsecount="2"/>
        <line num="156" count="0" type="stmt"/>
        <line num="157" count="0" type="cond" truecount="0" falsecount="4"/>
        <line num="158" count="0" type="stmt"/>
        <line num="159" count="0" type="stmt"/>
        <line num="163" count="0" type="stmt"/>
        <line num="167" count="0" type="stmt"/>
        <line num="174" count="0" type="stmt"/>
        <line num="175" count="0" type="stmt"/>
      </file>
      <file name="modifiers.ts" path="C:\Users\ronta\PycharmProjects\gardena\src\game\sim\modifiers.ts">
        <metrics statements="6" coveredstatements="6" conditionals="2" coveredconditionals="2" methods="6" coveredmethods="6"/>
        <line num="24" count="3889" type="cond" truecount="2" falsecount="0"/>
        <line num="25" count="3889" type="stmt"/>
        <line num="26" count="3889" type="stmt"/>
        <line num="27" count="3889" type="stmt"/>
        <line num="28" count="3889" type="stmt"/>
        <line num="39" count="3889" type="stmt"/>
      </file>
      <file name="mp.ts" path="C:\Users\ronta\PycharmProjects\gardena\src\game\sim\mp.ts">
        <metrics statements="348" coveredstatements="9" conditionals="294" coveredconditionals="0" methods="52" coveredmethods="0"/>
        <line num="7" count="1" type="stmt"/>
        <line num="34" count="1" type="stmt"/>
        <line num="49" count="1" type="stmt"/>
        <line num="62" count="0" type="cond" truecount="0" falsecount="2"/>
        <line num="66" count="0" type="cond" truecount="0" falsecount="6"/>
        <line num="67" count="0" type="stmt"/>
        <line num="71" count="0" type="cond" truecount="0" falsecount="2"/>
        <line num="72" count="0" type="cond" truecount="0" falsecount="13"/>
        <line num="74" count="0" type="cond" truecount="0" falsecount="4"/>
        <line num="75" count="0" type="cond" truecount="0" falsecount="2"/>
        <line num="76" count="0" type="stmt"/>
        <line num="79" count="0" type="stmt"/>
        <line num="80" count="0" type="cond" truecount="0" falsecount="2"/>
        <line num="87" count="0" type="stmt"/>
        <line num="89" count="0" type="stmt"/>
        <line num="92" count="0" type="cond" truecount="0" falsecount="5"/>
        <line num="93" count="0" type="stmt"/>
        <line num="96" count="0" type="stmt"/>
        <line num="98" count="0" type="stmt"/>
        <line num="100" count="0" type="cond" truecount="0" falsecount="4"/>
        <line num="101" count="0" type="stmt"/>
        <line num="104" count="0" type="cond" truecount="0" falsecount="2"/>
        <line num="105" count="0" type="stmt"/>
        <line num="108" count="0" type="cond" truecount="0" falsecount="2"/>
        <line num="109" count="0" type="stmt"/>
        <line num="112" count="0" type="cond" truecount="0" falsecount="4"/>
        <line num="113" count="0" type="stmt"/>
        <line num="116" count="0" type="cond" truecount="0" falsecount="4"/>
        <line num="117" count="0" type="stmt"/>
        <line num="120" count="0" type="cond" truecount="0" falsecount="2"/>
        <line num="121" count="0" type="cond" truecount="0" falsecount="2"/>
        <line num="122" count="0" type="stmt"/>
        <line num="123" count="0" type="stmt"/>
        <line num="124" count="0" type="cond" truecount="0" falsecount="2"/>
        <line num="125" count="0" type="stmt"/>
        <line num="126" count="0" type="cond" truecount="0" falsecount="4"/>
        <line num="127" count="0" type="cond" truecount="0" falsecount="4"/>
        <line num="128" count="0" type="cond" truecount="0" falsecount="2"/>
        <line num="129" count="0" type="stmt"/>
        <line num="131" count="0" type="stmt"/>
        <line num="134" count="0" type="cond" truecount="0" falsecount="5"/>
        <line num="135" count="0" type="stmt"/>
        <line num="138" count="0" type="stmt"/>
        <line num="143" count="0" type="stmt"/>
        <line num="148" count="0" type="cond" truecount="0" falsecount="2"/>
        <line num="149" count="0" type="stmt"/>
        <line num="150" count="0" type="stmt"/>
        <line num="151" count="0" type="cond" truecount="0" falsecount="2"/>
        <line num="152" count="0" type="stmt"/>
        <line num="153" count="0" type="stmt"/>
        <line num="154" count="0" type="stmt"/>
        <line num="156" count="0" type="stmt"/>
        <line num="162" count="0" type="stmt"/>
        <line num="164" count="0" type="cond" truecount="0" falsecount="2"/>
        <line num="167" count="0" type="stmt"/>
        <line num="170" count="0" type="stmt"/>
        <line num="171" count="0" type="stmt"/>
        <line num="174" count="0" type="stmt"/>
        <line num="176" count="0" type="cond" truecount="0" falsecount="2"/>
        <line num="179" count="0" type="stmt"/>
        <line num="182" count="0" type="stmt"/>
        <line num="183" count="0" type="stmt"/>
        <line num="186" count="0" type="stmt"/>
        <line num="190" count="0" type="cond" truecount="0" falsecount="2"/>
        <line num="191" count="0" type="cond" truecount="0" falsecount="18"/>
        <line num="194" count="0" type="stmt"/>
        <line num="197" count="0" type="stmt"/>
        <line num="200" count="0" type="stmt"/>
        <line num="207" count="0" type="stmt"/>
        <line num="210" count="0" type="stmt"/>
        <line num="212" count="0" type="cond" truecount="0" falsecount="2"/>
        <line num="214" count="0" type="stmt"/>
        <line num="220" count="0" type="stmt"/>
        <line num="222" count="0" type="cond" truecount="0" falsecount="2"/>
        <line num="223" count="0" type="cond" truecount="0" falsecount="4"/>
        <line num="224" count="0" type="stmt"/>
        <line num="226" count="0" type="stmt"/>
        <line num="228" count="0" type="stmt"/>
        <line num="233" count="0" type="stmt"/>
        <line num="237" count="0" type="stmt"/>
        <line num="238" count="0" type="stmt"/>
        <line num="242" count="0" type="stmt"/>
        <line num="243" count="0" type="stmt"/>
        <line num="244" count="0" type="stmt"/>
        <line num="245" count="0" type="cond" truecount="0" falsecount="5"/>
        <line num="246" count="0" type="stmt"/>
        <line num="248" count="0" type="stmt"/>
        <line num="250" count="0" type="stmt"/>
        <line num="259" count="0" type="stmt"/>
        <line num="273" count="0" type="stmt"/>
        <line num="276" count="0" type="stmt"/>
        <line num="277" count="0" type="stmt"/>
        <line num="278" count="0" type="stmt"/>
        <line num="279" count="0" type="stmt"/>
        <line num="281" count="0" type="stmt"/>
        <line num="297" count="0" type="stmt"/>
        <line num="298" count="0" type="stmt"/>
        <line num="300" count="0" type="stmt"/>
        <line num="305" count="0" type="stmt"/>
        <line num="308" count="0" type="stmt"/>
        <line num="319" count="0" type="stmt"/>
        <line num="320" count="0" type="stmt"/>
        <line num="323" count="0" type="stmt"/>
        <line num="324" count="0" type="cond" truecount="0" falsecount="2"/>
        <line num="325" count="0" type="stmt"/>
        <line num="326" count="0" type="stmt"/>
        <line num="327" count="0" type="cond" truecount="0" falsecount="4"/>
        <line num="328" count="0" type="stmt"/>
        <line num="329" count="0" type="stmt"/>
        <line num="331" count="0" type="cond" truecount="0" falsecount="4"/>
        <line num="332" count="0" type="stmt"/>
        <line num="333" count="0" type="stmt"/>
        <line num="338" count="0" type="stmt"/>
        <line num="345" count="0" type="stmt"/>
        <line num="346" count="0" type="stmt"/>
        <line num="347" count="0" type="stmt"/>
        <line num="348" count="0" type="cond" truecount="0" falsecount="4"/>
        <line num="349" count="0" type="stmt"/>
        <line num="350" count="0" type="cond" truecount="0" falsecount="2"/>
        <line num="351" count="0" type="stmt"/>
        <line num="352" count="0" type="stmt"/>
        <line num="353" count="0" type="cond" truecount="0" falsecount="2"/>
        <line num="354" count="0" type="stmt"/>
        <line num="355" count="0" type="stmt"/>
        <line num="356" count="0" type="stmt"/>
        <line num="358" count="0" type="cond" truecount="0" falsecount="4"/>
        <line num="359" count="0" type="stmt"/>
        <line num="360" count="0" type="stmt"/>
        <line num="362" count="0" type="stmt"/>
        <line num="363" count="0" type="cond" truecount="0" falsecount="2"/>
        <line num="364" count="0" type="stmt"/>
        <line num="365" count="0" type="stmt"/>
        <line num="368" count="0" type="cond" truecount="0" falsecount="2"/>
        <line num="371" count="0" type="stmt"/>
        <line num="372" count="0" type="cond" truecount="0" falsecount="2"/>
        <line num="373" count="0" type="stmt"/>
        <line num="374" count="0" type="stmt"/>
        <line num="375" count="0" type="cond" truecount="0" falsecount="2"/>
        <line num="376" count="0" type="cond" truecount="0" falsecount="2"/>
        <line num="377" count="0" type="stmt"/>
        <line num="378" count="0" type="cond" truecount="0" falsecount="2"/>
        <line num="379" count="0" type="stmt"/>
        <line num="380" count="0" type="stmt"/>
        <line num="381" count="0" type="stmt"/>
        <line num="382" count="0" type="cond" truecount="0" falsecount="2"/>
        <line num="383" count="0" type="stmt"/>
        <line num="384" count="0" type="stmt"/>
        <line num="385" count="0" type="stmt"/>
        <line num="386" count="0" type="cond" truecount="0" falsecount="2"/>
        <line num="387" count="0" type="stmt"/>
        <line num="388" count="0" type="cond" truecount="0" falsecount="2"/>
        <line num="393" count="0" type="stmt"/>
        <line num="394" count="0" type="cond" truecount="0" falsecount="2"/>
        <line num="397" count="0" type="stmt"/>
        <line num="398" count="0" type="stmt"/>
        <line num="399" count="0" type="cond" truecount="0" falsecount="2"/>
        <line num="402" count="0" type="stmt"/>
        <line num="403" count="0" type="stmt"/>
        <line num="404" count="0" type="stmt"/>
        <line num="407" count="0" type="stmt"/>
        <line num="408" count="0" type="cond" truecount="0" falsecount="2"/>
        <line num="412" count="0" type="stmt"/>
        <line num="413" count="0" type="cond" truecount="0" falsecount="2"/>
        <line num="415" count="0" type="cond" truecount="0" falsecount="5"/>
        <line num="416" count="0" type="stmt"/>
        <line num="417" count="0" type="stmt"/>
        <line num="419" count="0" type="stmt"/>
        <line num="421" count="0" type="cond" truecount="0" falsecount="2"/>
        <line num="422" count="0" type="stmt"/>
        <line num="423" count="0" type="stmt"/>
        <line num="425" count="0" type="cond" truecount="0" falsecount="2"/>
        <line num="426" count="0" type="stmt"/>
        <line num="427" count="0" type="stmt"/>
        <line num="428" count="0" type="stmt"/>
        <line num="429" count="0" type="stmt"/>
        <line num="430" count="0" type="stmt"/>
        <line num="431" count="0" type="cond" truecount="0" falsecount="2"/>
        <line num="432" count="0" type="stmt"/>
        <line num="434" count="0" type="cond" truecount="0" falsecount="2"/>
        <line num="435" count="0" type="cond" truecount="0" falsecount="2"/>
        <line num="436" count="0" type="stmt"/>
        <line num="437" count="0" type="cond" truecount="0" falsecount="2"/>
        <line num="438" count="0" type="stmt"/>
        <line num="439" count="0" type="stmt"/>
        <line num="441" count="0" type="cond" truecount="0" falsecount="2"/>
        <line num="442" count="0" type="stmt"/>
        <line num="446" count="0" type="cond" truecount="0" falsecount="2"/>
        <line num="447" count="0" type="stmt"/>
        <line num="448" count="0" type="stmt"/>
        <line num="450" count="0" type="cond" truecount="0" falsecount="2"/>
        <line num="451" count="0" type="cond" truecount="0" falsecount="2"/>
        <line num="452" count="0" type="stmt"/>
        <line num="453" count="0" type="stmt"/>
        <line num="454" count="0" type="cond" truecount="0" falsecount="2"/>
        <line num="455" count="0" type="stmt"/>
        <line num="456" count="0" type="stmt"/>
        <line num="457" count="0" type="stmt"/>
        <line num="460" count="0" type="stmt"/>
        <line num="461" count="0" type="stmt"/>
        <line num="462" count="0" type="stmt"/>
        <line num="463" count="0" type="cond" truecount="0" falsecount="2"/>
        <line num="464" count="0" type="stmt"/>
        <line num="465" count="0" type="stmt"/>
        <line num="466" count="0" type="stmt"/>
        <line num="467" count="0" type="stmt"/>
        <line num="468" count="0" type="stmt"/>
        <line num="470" count="0" type="cond" truecount="0" falsecount="2"/>
        <line num="471" count="0" type="stmt"/>
        <line num="472" count="0" type="stmt"/>
        <line num="474" count="0" type="stmt"/>
        <line num="475" count="0" type="cond" truecount="0" falsecount="2"/>
        <line num="476" count="0" type="stmt"/>
        <line num="477" count="0" type="stmt"/>
        <line num="479" count="0" type="stmt"/>
        <line num="480" count="0" type="stmt"/>
        <line num="481" count="0" type="stmt"/>
        <line num="482" count="0" type="stmt"/>
        <line num="483" count="0" type="stmt"/>
        <line num="484" count="0" type="cond" truecount="0" falsecount="2"/>
        <line num="485" count="0" type="stmt"/>
        <line num="486" count="0" type="stmt"/>
        <line num="494" count="0" type="stmt"/>
        <line num="499" count="1" type="stmt"/>
        <line num="500" count="1" type="stmt"/>
        <line num="502" count="1" type="stmt"/>
        <line num="504" count="1" type="stmt"/>
        <line num="509" count="1" type="stmt"/>
        <line num="511" count="1" type="stmt"/>
        <line num="516" count="0" type="stmt"/>
        <line num="517" count="0" type="stmt"/>
        <line num="519" count="0" type="stmt"/>
        <line num="524" count="0" type="stmt"/>
        <line num="525" count="0" type="stmt"/>
        <line num="526" count="0" type="stmt"/>
        <line num="534" count="0" type="stmt"/>
        <line num="535" count="0" type="stmt"/>
        <line num="536" count="0" type="stmt"/>
        <line num="537" count="0" type="stmt"/>
        <line num="540" count="0" type="stmt"/>
        <line num="544" count="0" type="stmt"/>
        <line num="547" count="0" type="stmt"/>
        <line num="548" count="0" type="stmt"/>
        <line num="549" count="0" type="stmt"/>
        <line num="552" count="0" type="stmt"/>
        <line num="556" count="0" type="cond" truecount="0" falsecount="4"/>
        <line num="557" count="0" type="stmt"/>
        <line num="558" count="0" type="stmt"/>
        <line num="560" count="0" type="cond" truecount="0" falsecount="2"/>
        <line num="561" count="0" type="stmt"/>
        <line num="562" count="0" type="stmt"/>
        <line num="564" count="0" type="cond" truecount="0" falsecount="2"/>
        <line num="565" count="0" type="stmt"/>
        <line num="566" count="0" type="stmt"/>
        <line num="568" count="0" type="cond" truecount="0" falsecount="4"/>
        <line num="569" count="0" type="stmt"/>
        <line num="570" count="0" type="cond" truecount="0" falsecount="2"/>
        <line num="571" count="0" type="stmt"/>
        <line num="572" count="0" type="cond" truecount="0" falsecount="2"/>
        <line num="573" count="0" type="cond" truecount="0" falsecount="2"/>
        <line num="574" count="0" type="stmt"/>
        <line num="575" count="0" type="cond" truecount="0" falsecount="2"/>
        <line num="576" count="0" type="stmt"/>
        <line num="577" count="0" type="stmt"/>
        <line num="579" count="0" type="stmt"/>
        <line num="580" count="0" type="stmt"/>
        <line num="581" count="0" type="stmt"/>
        <line num="588" count="0" type="cond" truecount="0" falsecount="2"/>
        <line num="589" count="0" type="stmt"/>
        <line num="590" count="0" type="cond" truecount="0" falsecount="2"/>
        <line num="593" count="0" type="stmt"/>
        <line num="594" count="0" type="cond" truecount="0" falsecount="2"/>
        <line num="597" count="0" type="cond" truecount="0" falsecount="2"/>
        <line num="598" count="0" type="stmt"/>
        <line num="599" count="0" type="cond" truecount="0" falsecount="2"/>
        <line num="600" count="0" type="stmt"/>
        <line num="602" count="0" type="cond" truecount="0" falsecount="2"/>
        <line num="603" count="0" type="cond" truecount="0" falsecount="2"/>
        <line num="604" count="0" type="stmt"/>
        <line num="605" count="0" type="stmt"/>
        <line num="607" count="0" type="stmt"/>
        <line num="608" count="0" type="cond" truecount="0" falsecount="2"/>
        <line num="609" count="0" type="stmt"/>
        <line num="610" count="0" type="cond" truecount="0" falsecount="2"/>
        <line num="611" count="0" type="stmt"/>
        <line num="612" count="0" type="stmt"/>
        <line num="614" count="0" type="stmt"/>
        <line num="615" count="0" type="stmt"/>
        <line num="616" count="0" type="stmt"/>
        <line num="617" count="0" type="stmt"/>
        <line num="618" count="0" type="stmt"/>
        <line num="619" count="0" type="stmt"/>
        <line num="620" count="0" type="stmt"/>
        <line num="621" count="0" type="cond" truecount="0" falsecount="2"/>
        <line num="622" count="0" type="stmt"/>
        <line num="623" count="0" type="stmt"/>
        <line num="625" count="0" type="cond" truecount="0" falsecount="2"/>
        <line num="626" count="0" type="cond" truecount="0" falsecount="2"/>
        <line num="627" count="0" type="stmt"/>
        <line num="628" count="0" type="stmt"/>
        <line num="630" count="0" type="cond" truecount="0" falsecount="2"/>
        <line num="631" count="0" type="stmt"/>
        <line num="632" count="0" type="cond" truecount="0" falsecount="4"/>
        <line num="633" count="0" type="stmt"/>
        <line num="634" count="0" type="stmt"/>
        <line num="635" count="0" type="stmt"/>
        <line num="637" count="0" type="stmt"/>
        <line num="638" count="0" type="stmt"/>
        <line num="640" count="0" type="cond" truecount="0" falsecount="2"/>
        <line num="641" count="0" type="stmt"/>
        <line num="642" count="0" type="cond" truecount="0" falsecount="2"/>
        <line num="643" count="0" type="cond" truecount="0" falsecount="2"/>
        <line num="644" count="0" type="stmt"/>
        <line num="645" count="0" type="stmt"/>
        <line num="646" count="0" type="cond" truecount="0" falsecount="4"/>
        <line num="647" count="0" type="stmt"/>
        <line num="649" count="0" type="cond" truecount="0" falsecount="2"/>
        <line num="650" count="0" type="stmt"/>
        <line num="651" count="0" type="stmt"/>
        <line num="653" count="0" type="stmt"/>
        <line num="655" count="0" type="cond" truecount="0" falsecount="2"/>
        <line num="656" count="0" type="stmt"/>
        <line num="657" count="0" type="cond" truecount="0" falsecount="2"/>
        <line num="658" count="0" type="stmt"/>
        <line num="659" count="0" type="cond" truecount="0" falsecount="2"/>
        <line num="660" count="0" type="stmt"/>
        <line num="662" count="0" type="stmt"/>
        <line num="663" count="0" type="cond" truecount="0" falsecount="2"/>
        <line num="664" count="0" type="stmt"/>
        <line num="665" count="0" type="stmt"/>
        <line num="666" count="0" type="stmt"/>
        <line num="667" count="0" type="cond" truecount="0" falsecount="4"/>
        <line num="668" count="0" type="stmt"/>
        <line num="669" count="0" type="stmt"/>
        <line num="670" count="0" type="stmt"/>
        <line num="672" count="0" type="cond" truecount="0" falsecount="2"/>
        <line num="673" count="0" type="stmt"/>
        <line num="674" count="0" type="cond" truecount="0" falsecount="2"/>
        <line num="675" count="0" type="stmt"/>
        <line num="677" count="0" type="cond" truecount="0" falsecount="2"/>
        <line num="678" count="0" type="cond" truecount="0" falsecount="2"/>
        <line num="679" count="0" type="cond" truecount="0" falsecount="2"/>
        <line num="680" count="0" type="stmt"/>
        <line num="684" count="0" type="cond" truecount="0" falsecount="2"/>
        <line num="685" count="0" type="stmt"/>
        <line num="686" count="0" type="stmt"/>
        <line num="687" count="0" type="cond" truecount="0" falsecount="2"/>
        <line num="688" count="0" type="stmt"/>
        <line num="690" count="0" type="cond" truecount="0" falsecount="2"/>
      </file>
      <file name="noise.ts" path="C:\Users\ronta\PycharmProjects\gardena\src\game\sim\noise.ts">
        <metrics statements="33" coveredstatements="33" conditionals="10" coveredconditionals="10" methods="6" coveredmethods="6"/>
        <line num="4" count="1" type="stmt"/>
        <line num="5" count="1" type="stmt"/>
        <line num="7" count="1" type="stmt"/>
        <line num="13" count="1" type="stmt"/>
        <line num="14" count="1" type="stmt"/>
        <line num="15" count="1" type="stmt"/>
        <line num="16" count="1" type="stmt"/>
        <line num="17" count="1" type="stmt"/>
        <line num="18" count="1" type="stmt"/>
        <line num="21" count="88377" type="stmt"/>
        <line num="22" count="88377" type="stmt"/>
        <line num="23" count="88377" type="stmt"/>
        <line num="24" count="265131" type="stmt"/>
        <line num="25" count="88377" type="stmt"/>
        <line num="26" count="88377" type="cond" truecount="2" falsecount="0"/>
        <line num="27" count="88377" type="stmt"/>
        <line num="28" count="88377" type="stmt"/>
        <line num="29" count="88377" type="cond" truecount="4" falsecount="0"/>
        <line num="33" count="88368" type="cond" truecount="2" falsecount="0"/>
        <line num="34" count="81557" type="cond" truecount="2" falsecount="0"/>
        <line num="35" count="71390" type="stmt"/>
        <line num="39" count="265131" type="stmt"/>
        <line num="40" count="265131" type="stmt"/>
        <line num="41" count="265131" type="stmt"/>
        <line num="42" count="265131" type="stmt"/>
        <line num="43" count="265131" type="stmt"/>
        <line num="44" count="265131" type="stmt"/>
        <line num="45" count="265131" type="stmt"/>
        <line num="46" count="265131" type="stmt"/>
        <line num="47" count="265131" type="stmt"/>
        <line num="48" count="265131" type="stmt"/>
        <line num="52" count="530262" type="stmt"/>
        <line num="56" count="795393" type="stmt"/>
      </file>
      <file name="pipe.ts" path="C:\Users\ronta\PycharmProjects\gardena\src\game\sim\pipe.ts">
        <metrics statements="39" coveredstatements="38" conditionals="32" coveredconditionals="25" methods="20" coveredmethods="19"/>
        <line num="25" count="2" type="stmt"/>
        <line num="29" count="2" type="stmt"/>
        <line num="30" count="2" type="stmt"/>
        <line num="35" count="20" type="cond" truecount="1" falsecount="1"/>
        <line num="39" count="30" type="cond" truecount="2" falsecount="0"/>
        <line num="40" count="3" type="stmt"/>
        <line num="44" count="0" type="stmt"/>
        <line num="53" count="85" type="stmt"/>
        <line num="54" count="85" type="stmt"/>
        <line num="55" count="85" type="stmt"/>
        <line num="56" count="86" type="stmt"/>
        <line num="62" count="344" type="stmt"/>
        <line num="63" count="344" type="cond" truecount="2" falsecount="0"/>
        <line num="64" count="342" type="stmt"/>
        <line num="65" count="342" type="stmt"/>
        <line num="68" count="85" type="stmt"/>
        <line num="72" count="77" type="stmt"/>
        <line num="76" count="811" type="stmt"/>
        <line num="80" count="18" type="stmt"/>
        <line num="89" count="15" type="cond" truecount="2" falsecount="0"/>
        <line num="90" count="14" type="cond" truecount="1" falsecount="1"/>
        <line num="92" count="1" type="cond" truecount="1" falsecount="1"/>
        <line num="96" count="11" type="stmt"/>
        <line num="105" count="5" type="stmt"/>
        <line num="106" count="5" type="stmt"/>
        <line num="107" count="5" type="cond" truecount="1" falsecount="1"/>
        <line num="108" count="5" type="cond" truecount="2" falsecount="0"/>
        <line num="109" count="4" type="cond" truecount="2" falsecount="0"/>
        <line num="110" count="3" type="cond" truecount="2" falsecount="0"/>
        <line num="111" count="2" type="cond" truecount="2" falsecount="0"/>
        <line num="112" count="1" type="stmt"/>
        <line num="116" count="123" type="stmt"/>
        <line num="117" count="123" type="cond" truecount="2" falsecount="0"/>
        <line num="118" count="120" type="stmt"/>
        <line num="125" count="3" type="cond" truecount="2" falsecount="0"/>
        <line num="126" count="16" type="stmt"/>
        <line num="128" count="2" type="cond" truecount="2" falsecount="0"/>
        <line num="129" count="8" type="stmt"/>
        <line num="131" count="8" type="stmt"/>
      </file>
      <file name="plant.ts" path="C:\Users\ronta\PycharmProjects\gardena\src\game\sim\plant.ts">
        <metrics statements="18" coveredstatements="12" conditionals="10" coveredconditionals="5" methods="7" coveredmethods="3"/>
        <line num="8" count="31" type="stmt"/>
        <line num="9" count="31" type="stmt"/>
        <line num="10" count="31" type="stmt"/>
        <line num="11" count="31" type="stmt"/>
        <line num="12" count="31" type="stmt"/>
        <line num="18" count="31" type="stmt"/>
        <line num="19" count="31" type="stmt"/>
        <line num="23" count="3646" type="stmt"/>
        <line num="27" count="7262" type="cond" truecount="1" falsecount="1"/>
        <line num="28" count="7262" type="cond" truecount="2" falsecount="0"/>
        <line num="29" count="2401" type="cond" truecount="2" falsecount="0"/>
        <line num="30" count="270" type="stmt"/>
        <line num="35" count="0" type="stmt"/>
        <line num="40" count="0" type="stmt"/>
        <line num="44" count="0" type="cond" truecount="0" falsecount="2"/>
        <line num="49" count="0" type="stmt"/>
        <line num="54" count="0" type="stmt"/>
        <line num="58" count="0" type="cond" truecount="0" falsecount="2"/>
      </file>
      <file name="plot.ts" path="C:\Users\ronta\PycharmProjects\gardena\src\game\sim\plot.ts">
        <metrics statements="6" coveredstatements="3" conditionals="34" coveredconditionals="16" methods="6" coveredmethods="3"/>
        <line num="58" count="181679" type="stmt"/>
        <line num="62" count="37" type="stmt"/>
        <line num="76" count="9" type="stmt"/>
        <line num="88" count="0" type="cond" truecount="0" falsecount="3"/>
        <line num="92" count="0" type="stmt"/>
        <line num="96" count="0" type="stmt"/>
      </file>
      <file name="prompt.ts" path="C:\Users\ronta\PycharmProjects\gardena\src\game\sim\prompt.ts">
        <metrics statements="288" coveredstatements="83" conditionals="554" coveredconditionals="130" methods="30" coveredmethods="8"/>
        <line num="34" count="1" type="stmt"/>
        <line num="53" count="22" type="stmt"/>
        <line num="57" count="0" type="cond" truecount="0" falsecount="2"/>
        <line num="58" count="0" type="stmt"/>
        <line num="59" count="0" type="cond" truecount="0" falsecount="5"/>
        <line num="60" count="0" type="stmt"/>
        <line num="62" count="0" type="cond" truecount="0" falsecount="2"/>
        <line num="63" count="0" type="cond" truecount="0" falsecount="2"/>
        <line num="64" count="0" type="cond" truecount="0" falsecount="2"/>
        <line num="65" count="0" type="cond" truecount="0" falsecount="4"/>
        <line num="66" count="0" type="stmt"/>
        <line num="68" count="0" type="cond" truecount="0" falsecount="2"/>
        <line num="69" count="0" type="cond" truecount="0" falsecount="4"/>
        <line num="70" count="0" type="stmt"/>
        <line num="72" count="0" type="cond" truecount="0" falsecount="2"/>
        <line num="73" count="0" type="cond" truecount="0" falsecount="2"/>
        <line num="74" count="0" type="stmt"/>
        <line num="78" count="0" type="stmt"/>
        <line num="79" count="0" type="cond" truecount="0" falsecount="2"/>
        <line num="80" count="0" type="cond" truecount="0" falsecount="2"/>
        <line num="84" count="0" type="stmt"/>
        <line num="85" count="0" type="cond" truecount="0" falsecount="4"/>
        <line num="86" count="0" type="cond" truecount="0" falsecount="2"/>
        <line num="90" count="0" type="cond" truecount="0" falsecount="2"/>
        <line num="91" count="0" type="cond" truecount="0" falsecount="4"/>
        <line num="92" count="0" type="stmt"/>
        <line num="94" count="0" type="stmt"/>
        <line num="98" count="0" type="stmt"/>
        <line num="99" count="0" type="cond" truecount="0" falsecount="4"/>
        <line num="100" count="0" type="cond" truecount="0" falsecount="2"/>
        <line num="101" count="0" type="cond" truecount="0" falsecount="2"/>
        <line num="102" count="0" type="cond" truecount="0" falsecount="2"/>
        <line num="103" count="0" type="cond" truecount="0" falsecount="2"/>
        <line num="104" count="0" type="cond" truecount="0" falsecount="2"/>
        <line num="105" count="0" type="cond" truecount="0" falsecount="2"/>
        <line num="106" count="0" type="stmt"/>
        <line num="113" count="0" type="cond" truecount="0" falsecount="2"/>
        <line num="114" count="0" type="stmt"/>
        <line num="116" count="0" type="cond" truecount="0" falsecount="2"/>
        <line num="117" count="0" type="stmt"/>
        <line num="118" count="0" type="cond" truecount="0" falsecount="4"/>
        <line num="119" count="0" type="cond" truecount="0" falsecount="2"/>
        <line num="121" count="0" type="stmt"/>
        <line num="123" count="0" type="cond" truecount="0" falsecount="2"/>
        <line num="124" count="0" type="cond" truecount="0" falsecount="2"/>
        <line num="125" count="0" type="stmt"/>
        <line num="127" count="0" type="cond" truecount="0" falsecount="2"/>
        <line num="128" count="0" type="stmt"/>
        <line num="132" count="1" type="cond" truecount="1" falsecount="1"/>
        <line num="133" count="1" type="cond" truecount="1" falsecount="1"/>
        <line num="134" count="1" type="stmt"/>
        <line num="135" count="1" type="cond" truecount="2" falsecount="2"/>
        <line num="136" count="1" type="cond" truecount="1" falsecount="1"/>
        <line num="137" count="1" type="cond" truecount="1" falsecount="1"/>
        <line num="138" count="1" type="cond" truecount="1" falsecount="1"/>
        <line num="139" count="1" type="cond" truecount="2" falsecount="2"/>
        <line num="140" count="1" type="cond" truecount="1" falsecount="1"/>
        <line num="141" count="1" type="cond" truecount="1" falsecount="1"/>
        <line num="142" count="1" type="cond" truecount="1" falsecount="1"/>
[...]
        <line num="205" count="0" type="cond" truecount="0" falsecount="4"/>
        <line num="206" count="0" type="cond" truecount="0" falsecount="2"/>
        <line num="207" count="0" type="cond" truecount="0" falsecount="2"/>
        <line num="208" count="0" type="stmt"/>
        <line num="209" count="0" type="stmt"/>
        <line num="210" count="0" type="cond" truecount="0" falsecount="2"/>
        <line num="211" count="0" type="cond" truecount="0" falsecount="2"/>
        <line num="212" count="0" type="stmt"/>
        <line num="213" count="0" type="cond" truecount="0" falsecount="4"/>
        <line num="215" count="0" type="cond" truecount="0" falsecount="2"/>
        <line num="216" count="0" type="cond" truecount="0" falsecount="2"/>
        <line num="217" count="0" type="stmt"/>
        <line num="218" count="0" type="cond" truecount="0" falsecount="4"/>
        <line num="220" count="0" type="cond" truecount="0" falsecount="2"/>
        <line num="221" count="0" type="stmt"/>
        <line num="223" count="0" type="cond" truecount="0" falsecount="4"/>
        <line num="225" count="0" type="stmt"/>
        <line num="226" count="0" type="cond" truecount="0" falsecount="4"/>
        <line num="228" count="0" type="stmt"/>
      </file>
    </package>
    <package name="view">
      <metrics statements="309" coveredstatements="134" conditionals="309" coveredconditionals="15" methods="40" coveredmethods="22"/>
      <file name="svgs.ts" path="C:\Users\ronta\PycharmProjects\gardena\src\game\view\svgs.ts">
        <metrics statements="309" coveredstatements="134" conditionals="309" coveredconditionals="15" methods="40" coveredmethods="22"/>
        <line num="213" count="1" type="stmt"/>
        <line num="230" count="1" type="stmt"/>
        <line num="247" count="1" type="stmt"/>
        <line num="257" count="0" type="cond" truecount="0" falsecount="2"/>
        <line num="258" count="0" type="cond" truecount="0" falsecount="2"/>
        <line num="259" count="0" type="stmt"/>
        <line num="263" count="0" type="cond" truecount="0" falsecount="2"/>
        <line num="264" count="0" type="cond" truecount="0" falsecount="2"/>
        <line num="265" count="0" type="stmt"/>
        <line num="269" count="84" type="stmt"/>
        <line num="273" count="0" type="cond" truecount="0" falsecount="2"/>
        <line num="274" count="0" type="cond" truecount="0" falsecount="2"/>
        <line num="275" count="0" type="cond" truecount="0" falsecount="2"/>
        <line num="276" count="0" type="cond" truecount="0" falsecount="2"/>
        <line num="277" count="0" type="cond" truecount="0" falsecount="2"/>
        <line num="278" count="0" type="cond" truecount="0" falsecount="2"/>
        <line num="279" count="0" type="cond" truecount="0" falsecount="2"/>
        <line num="280" count="0" type="cond" truecount="0" falsecount="2"/>
        <line num="281" count="0" type="cond" truecount="0" falsecount="2"/>
        <line num="282" count="0" type="cond" truecount="0" falsecount="2"/>
        <line num="283" count="0" type="cond" truecount="0" falsecount="2"/>
        <line num="284" count="0" type="cond" truecount="0" falsecount="2"/>
        <line num="285" count="0" type="cond" truecount="0" falsecount="2"/>
        <line num="286" count="0" type="cond" truecount="0" falsecount="2"/>
        <line num="287" count="0" type="cond" truecount="0" falsecount="2"/>
        <line num="288" count="0" type="cond" truecount="0" falsecount="2"/>
        <line num="289" count="0" type="cond" truecount="0" falsecount="2"/>
        <line num="290" count="0" type="cond" truecount="0" falsecount="2"/>
        <line num="291" count="0" type="cond" truecount="0" falsecount="2"/>
        <line num="292" count="0" type="cond" truecount="0" falsecount="2"/>
        <line num="293" count="0" type="cond" truecount="0" falsecount="2"/>
        <line num="294" count="0" type="cond" truecount="0" falsecount="2"/>
        <line num="295" count="0" type="cond" truecount="0" falsecount="2"/>
        <line num="296" count="0" type="cond" truecount="0" falsecount="2"/>
        <line num="297" count="0" type="cond" truecount="0" falsecount="2"/>
        <line num="298" count="0" type="cond" truecount="0" falsecount="2"/>
        <line num="299" count="0" type="cond" truecount="0" falsecount="2"/>
        <line num="300" count="0" type="cond" truecount="0" falsecount="2"/>
        <line num="301" count="0" type="cond" truecount="0" falsecount="2"/>
        <line num="302" count="0" type="stmt"/>
        <line num="304" count="0" type="cond" truecount="0" falsecount="2"/>
        <line num="305" count="0" type="cond" truecount="0" falsecount="2"/>
        <line num="306" count="0" type="cond" truecount="0" falsecount="2"/>
        <line num="307" count="0" type="cond" truecount="0" falsecount="2"/>
        <line num="308" count="0" type="cond" truecount="0" falsecount="2"/>
        <line num="309" count="0" type="cond" truecount="0" falsecount="2"/>
        <line num="310" count="0" type="cond" truecount="0" falsecount="2"/>
        <line num="311" count="0" type="cond" truecount="0" falsecount="2"/>
        <line num="312" count="0" type="cond" truecount="0" falsecount="2"/>
        <line num="313" count="0" type="cond" truecount="0" falsecount="4"/>
        <line num="314" count="0" type="cond" truecount="0" falsecount="2"/>
        <line num="315" count="0" type="cond" truecount="0" falsecount="2"/>
        <line num="316" count="0" type="cond" truecount="0" falsecount="2"/>
        <line num="317" count="0" type="cond" truecount="0" falsecount="2"/>
        <line num="318" count="0" type="stmt"/>
        <line num="319" count="0" type="stmt"/>
        <line num="322" count="1" type="stmt"/>
        <line num="329" count="1" type="stmt"/>
        <line num="339" count="0" type="cond" truecount="0" falsecount="2"/>
        <line num="340" count="0" type="cond" truecount="0" falsecount="2"/>
        <line num="341" count="0" type="cond" truecount="0" falsecount="2"/>
        <line num="342" count="0" type="cond" truecount="0" falsecount="2"/>
        <line num="343" count="0" type="cond" truecount="0" falsecount="2"/>
        <line num="344" count="0" type="cond" truecount="0" falsecount="2"/>
        <line num="345" count="0" type="cond" truecount="0" falsecount="2"/>
        <line num="346" count="0" type="cond" truecount="0" falsecount="2"/>
        <line num="347" count="0" type="cond" truecount="0" falsecount="2"/>
        <line num="348" count="0" type="cond" truecount="0" falsecount="2"/>
        <line num="349" count="0" type="cond" truecount="0" falsecount="2"/>
        <line num="350" count="0" type="cond" truecount="0" falsecount="2"/>
        <line num="351" count="0" type="cond" truecount="0" falsecount="2"/>
        <line num="352" count="0" type="cond" truecount="0" falsecount="2"/>
        <line num="353" count="0" type="cond" truecount="0" falsecount="2"/>
        <line num="354" count="0" type="cond" truecount="0" falsecount="2"/>
        <line num="355" count="0" type="cond" truecount="0" falsecount="2"/>
        <line num="356" count="0" type="stmt"/>
        <line num="359" count="1" type="stmt"/>
        <line num="365" count="1" type="stmt"/>
        <line num="371" count="1" type="stmt"/>
        <line num="377" count="1" type="stmt"/>
        <line num="384" count="2" type="stmt"/>
        <line num="387" count="1" type="stmt"/>
        <line num="388" count="1" type="stmt"/>
        <line num="389" count="1" type="stmt"/>
        <line num="390" count="1" type="stmt"/>
        <line num="391" count="1" type="stmt"/>
        <line num="392" count="1" type="stmt"/>
        <line num="395" count="0" type="stmt"/>
        <line num="396" count="0" type="cond" truecount="0" falsecount="2"/>
        <line num="397" count="0" type="cond" truecount="0" falsecount="2"/>
        <line num="398" count="0" type="cond" truecount="0" falsecount="2"/>
        <line num="399" count="0" type="cond" truecount="0" falsecount="2"/>
        <line num="400" count="0" type="cond" truecount="0" falsecount="2"/>
        <line num="401" count="0" type="cond" truecount="0" falsecount="2"/>
        <line num="402" count="0" type="stmt"/>
        <line num="404" count="0" type="cond" truecount="0" falsecount="2"/>
        <line num="405" count="0" type="cond" truecount="0" falsecount="2"/>
        <line num="406" count="0" type="cond" truecount="0" falsecount="2"/>
        <line num="407" count="0" type="cond" truecount="0" falsecount="2"/>
        <line num="408" count="0" type="stmt"/>
        <line num="410" count="0" type="cond" truecount="0" falsecount="4"/>
        <line num="411" count="0" type="cond" truecount="0" falsecount="4"/>
        <line num="412" count="0" type="cond" truecount="0" falsecount="4"/>
        <line num="413" count="0" type="cond" truecount="0" falsecount="4"/>
        <line num="414" count="0" type="cond" truecount="0" falsecount="4"/>
        <line num="415" count="0" type="stmt"/>
        <line num="419" count="0" type="cond" truecount="0" falsecount="23"/>
        <line num="421" count="0" type="stmt"/>
        <line num="423" count="0" type="stmt"/>
        <line num="425" count="0" type="stmt"/>
        <line num="427" count="0" type="stmt"/>
        <line num="429" count="0" type="stmt"/>
        <line num="431" count="0" type="stmt"/>
        <line num="433" count="0" type="stmt"/>
        <line num="435" count="0" type="stmt"/>
        <line num="437" count="0" type="stmt"/>
        <line num="439" count="0" type="stmt"/>
        <line num="441" count="0" type="stmt"/>
        <line num="443" count="0" type="stmt"/>
        <line num="445" count="0" type="stmt"/>
        <line num="447" count="0" type="stmt"/>
        <line num="449" count="0" type="stmt"/>
        <line num="451" count="0" type="stmt"/>
        <line num="453" count="0" type="stmt"/>
        <line num="455" count="0" type="stmt"/>
        <line num="457" count="0" type="stmt"/>
        <line num="459" count="0" type="stmt"/>
        <line num="461" count="0" type="stmt"/>
        <line num="463" count="0" type="stmt"/>
        <line num="465" count="0" type="stmt"/>
        <line num="469" count="1" type="stmt"/>
        <line num="472" count="5" type="stmt"/>
        <line num="473" count="5" type="cond" truecount="1" falsecount="1"/>
        <line num="474" count="5" type="stmt"/>
        <line num="475" count="5" type="stmt"/>
        <line num="477" count="5" type="stmt"/>
        <line num="486" count="0" type="stmt"/>
        <line num="487" count="0" type="cond" truecount="0" falsecount="2"/>
        <line num="488" count="0" type="cond" truecount="0" falsecount="2"/>
        <line num="489" count="0" type="cond" truecount="0" falsecount="2"/>
        <line num="490" count="0" type="cond" truecount="0" falsecount="2"/>
        <line num="491" count="0" type="cond" truecount="0" falsecount="2"/>
        <line num="492" count="0" type="cond" truecount="0" falsecount="2"/>
        <line num="493" count="0" type="stmt"/>
        <line num="495" count="0" type="cond" truecount="0" falsecount="2"/>
        <line num="496" count="0" type="cond" truecount="0" falsecount="2"/>
        <line num="497" count="0" type="cond" truecount="0" falsecount="2"/>
        <line num="498" count="0" type="cond" truecount="0" falsecount="2"/>
        <line num="499" count="0" type="stmt"/>
        <line num="501" count="0" type="cond" truecount="0" falsecount="4"/>
        <line num="502" count="0" type="cond" truecount="0" falsecount="4"/>
        <line num="503" count="0" type="cond" truecount="0" falsecount="4"/>
        <line num="504" count="0" type="cond" truecount="0" falsecount="4"/>
        <line num="505" count="0" type="cond" truecount="0" falsecount="4"/>
        <line num="506" count="0" type="stmt"/>
        <line num="510" count="0" type="cond" truecount="0" falsecount="2"/>
        <line num="511" count="0" type="cond" truecount="0" falsecount="2"/>
        <line num="513" count="0" type="cond" truecount="0" falsecount="2"/>
        <line num="516" count="0" type="stmt"/>
        <line num="519" count="1" type="stmt"/>
        <line num="520" count="1" type="stmt"/>
        <line num="521" count="1" type="stmt"/>
        <line num="522" count="1" type="stmt"/>
        <line num="523" count="1" type="stmt"/>
        <line num="524" count="1" type="stmt"/>
        <line num="525" count="1" type="stmt"/>
        <line num="526" count="1" type="stmt"/>
        <line num="527" count="1" type="stmt"/>
        <line num="528" count="1" type="stmt"/>
        <line num="529" count="1" type="stmt"/>
        <line num="530" count="1" type="stmt"/>
        <line num="531" count="1" type="stmt"/>
        <line num="532" count="1" type="stmt"/>
        <line num="533" count="1" type="stmt"/>
        <line num="534" count="1" type="stmt"/>
        <line num="535" count="1" type="stmt"/>
        <line num="536" count="1" type="stmt"/>
        <line num="537" count="1" type="stmt"/>
        <line num="538" count="1" type="stmt"/>
        <line num="539" count="1" type="stmt"/>
        <line num="540" count="1" type="stmt"/>
        <line num="541" count="1" type="stmt"/>
        <line num="543" count="2" type="cond" truecount="2" falsecount="0"/>
        <line num="545" count="1" type="stmt"/>
        <line num="546" count="1" type="stmt"/>
        <line num="547" count="1" type="stmt"/>
        <line num="548" count="1" type="stmt"/>
        <line num="549" count="1" type="stmt"/>
        <line num="550" count="1" type="stmt"/>
        <line num="552" count="12" type="stmt"/>
        <line num="555" count="0" type="cond" truecount="0" falsecount="2"/>
        <line num="557" count="1" type="stmt"/>
        <line num="558" count="1" type="stmt"/>
        <line num="560" count="4" type="stmt"/>
        <line num="562" count="1" type="stmt"/>
        <line num="563" count="1" type="stmt"/>
        <line num="565" count="0" type="stmt"/>
        <line num="568" count="0" type="stmt"/>
        <line num="570" count="1" type="stmt"/>
        <line num="580" count="1" type="stmt"/>
        <line num="581" count="1" type="stmt"/>
        <line num="582" count="1" type="stmt"/>
        <line num="583" count="1" type="stmt"/>
        <line num="584" count="1" type="stmt"/>
        <line num="585" count="1" type="stmt"/>
        <line num="586" count="1" type="stmt"/>
        <line num="587" count="1" type="stmt"/>
        <line num="588" count="1" type="stmt"/>
        <line num="589" count="1" type="stmt"/>
        <line num="590" count="1" type="stmt"/>
        <line num="591" count="1" type="stmt"/>
        <line num="592" count="1" type="stmt"/>
        <line num="593" count="1" type="stmt"/>
        <line num="594" count="1" type="stmt"/>
        <line num="595" count="1" type="stmt"/>
        <line num="596" count="1" type="stmt"/>
        <line num="597" count="1" type="stmt"/>
        <line num="598" count="1" type="stmt"/>
        <line num="599" count="1" type="stmt"/>
        <line num="600" count="1" type="stmt"/>
        <line num="601" count="1" type="stmt"/>
        <line num="602" count="1" type="stmt"/>
        <line num="603" count="1" type="stmt"/>
        <line num="604" count="1" type="stmt"/>
        <line num="605" count="1" type="stmt"/>
        <line num="606" count="1" type="stmt"/>
        <line num="607" count="1" type="stmt"/>
        <line num="608" count="1" type="stmt"/>
        <line num="614" count="1" type="stmt"/>
        <line num="649" count="0" type="stmt"/>
        <line num="653" count="0" type="cond" truecount="0" falsecount="2"/>
        <line num="654" count="0" type="cond" truecount="0" falsecount="2"/>
        <line num="667" count="0" type="cond" truecount="0" falsecount="2"/>
        <line num="686" count="0" type="stmt"/>
        <line num="688" count="0" type="stmt"/>
        <line num="690" count="1" type="stmt"/>
        <line num="691" count="1" type="stmt"/>
        <line num="692" count="1" type="stmt"/>
        <line num="702" count="56" type="stmt"/>
        <line num="706" count="7" type="cond" truecount="2" falsecount="0"/>
        <line num="707" count="6" type="cond" truecount="4" falsecount="0"/>
        <line num="708" count="7" type="stmt"/>
        <line num="712" count="0" type="cond" truecount="0" falsecount="4"/>
        <line num="713" count="0" type="cond" truecount="0" falsecount="4"/>
        <line num="714" count="0" type="stmt"/>
        <line num="718" count="0" type="stmt"/>
        <line num="719" count="0" type="stmt"/>
        <line num="720" count="0" type="cond" truecount="0" falsecount="2"/>
        <line num="721" count="0" type="stmt"/>
        <line num="722" count="0" type="cond" truecount="0" falsecount="2"/>
        <line num="723" count="0" type="stmt"/>
        <line num="727" count="0" type="cond" truecount="0" falsecount="2"/>
        <line num="728" count="0" type="stmt"/>
        <line num="729" count="0" type="stmt"/>
        <line num="730" count="0" type="stmt"/>
        <line num="732" count="0" type="stmt"/>
        <line num="734" count="1" type="stmt"/>
        <line num="735" count="1" type="stmt"/>
        <line num="736" count="1" type="stmt"/>
        <line num="737" count="1" type="stmt"/>
        <line num="738" count="1" type="stmt"/>
        <line num="739" count="1" type="stmt"/>
        <line num="742" count="222" type="stmt"/>
        <line num="746" count="59" type="stmt"/>
        <line num="747" count="59" type="stmt"/>
        <line num="748" count="59" type="stmt"/>
        <line num="752" count="104" type="stmt"/>
        <line num="753" count="104" type="stmt"/>
        <line num="754" count="512" type="cond" truecount="2" falsecount="0"/>
        <line num="758" count="1" type="stmt"/>
        <line num="759" count="1" type="stmt"/>
        <line num="760" count="1" type="stmt"/>
        <line num="761" count="1" type="stmt"/>
        <line num="765" count="209" type="cond" truecount="1" falsecount="1"/>
        <line num="766" count="209" type="stmt"/>
        <line num="767" count="209" type="stmt"/>
        <line num="769" count="0" type="stmt"/>
        <line num="770" count="0" type="stmt"/>
        <line num="771" count="0" type="stmt"/>
        <line num="772" count="0" type="stmt"/>
        <line num="776" count="228" type="stmt"/>
        <line num="777" count="228" type="cond" truecount="2" falsecount="0"/>
        <line num="778" count="209" type="stmt"/>
        <line num="779" count="209" type="stmt"/>
        <line num="780" count="209" type="stmt"/>
        <line num="782" count="228" type="stmt"/>
        <line num="786" count="0" type="cond" truecount="0" falsecount="4"/>
        <line num="787" count="0" type="stmt"/>
        <line num="788" count="0" type="stmt"/>
        <line num="789" count="0" type="stmt"/>
        <line num="790" count="0" type="stmt"/>
        <line num="791" count="0" type="stmt"/>
        <line num="792" count="0" type="stmt"/>
        <line num="793" count="0" type="stmt"/>
        <line num="794" count="0" type="stmt"/>
        <line num="795" count="0" type="stmt"/>
        <line num="796" count="0" type="stmt"/>
        <line num="798" count="0" type="stmt"/>
        <line num="801" count="1" type="stmt"/>
        <line num="802" count="1" type="stmt"/>
        <line num="803" count="1" type="stmt"/>
        <line num="805" count="1" type="stmt"/>
        <line num="857" count="12" type="stmt"/>
        <line num="859" count="84" type="stmt"/>
        <line num="880" count="56" type="stmt"/>
        <line num="882" count="225" type="stmt"/>
        <line num="884" count="1" type="stmt"/>
        <line num="885" count="3" type="stmt"/>
        <line num="886" count="3" type="cond" truecount="1" falsecount="1"/>
      </file>
    </package>
  </project>
</coverage>
