<?xml version="1.0" encoding="UTF-8"?>
<coverage generated="1787450104514" clover="3.2.0">
  <project timestamp="1787450104514" name="All files">
    <metrics statements="4336" coveredstatements="2626" conditionals="3755" coveredconditionals="1576" methods="787" coveredmethods="508" elements="8878" coveredelements="4710" complexity="0" loc="4336" ncloc="4336" packages="5" files="34" classes="34"/>
    <package name="defs">
      <metrics statements="151" coveredstatements="121" conditionals="53" coveredconditionals="31" methods="21" coveredmethods="11"/>
      <file name="catalog.ts" path="C:\Users\ronta\PycharmProjects\gardena\src\game\defs\catalog.ts">
        <metrics statements="43" coveredstatements="32" conditionals="6" coveredconditionals="0" methods="6" coveredmethods="0"/>
        <line num="37" count="4" type="stmt"/>
        <line num="38" count="4" type="stmt"/>
        <line num="39" count="4" type="stmt"/>
        <line num="40" count="4" type="stmt"/>
        <line num="41" count="4" type="stmt"/>
        <line num="42" count="4" type="stmt"/>
        <line num="44" count="4" type="stmt"/>
        <line num="46" count="4" type="stmt"/>
        <line num="48" count="4" type="stmt"/>
        <line num="49" count="4" type="stmt"/>
        <line num="51" count="4" type="stmt"/>
        <line num="53" count="4" type="stmt"/>
        <line num="55" count="4" type="stmt"/>
        <line num="56" count="4" type="stmt"/>
        <line num="58" count="4" type="stmt"/>
        <line num="60" count="4" type="stmt"/>
        <line num="62" count="4" type="stmt"/>
        <line num="63" count="4" type="stmt"/>
        <line num="66" count="4" type="stmt"/>
        <line num="67" count="4" type="stmt"/>
        <line num="68" count="4" type="stmt"/>
        <line num="69" count="4" type="stmt"/>
        <line num="71" count="4" type="stmt"/>
        <line num="72" count="4" type="stmt"/>
        <line num="73" count="4" type="stmt"/>
        <line num="75" count="4" type="stmt"/>
        <line num="77" count="4" type="stmt"/>
        <line num="78" count="4" type="stmt"/>
        <line num="80" count="4" type="stmt"/>
        <line num="83" count="0" type="stmt"/>
        <line num="84" count="0" type="cond" truecount="0" falsecount="2"/>
        <line num="85" count="0" type="stmt"/>
        <line num="89" count="4" type="stmt"/>
        <line num="95" count="4" type="stmt"/>
        <line num="96" count="4" type="stmt"/>
        <line num="99" count="0" type="cond" truecount="0" falsecount="2"/>
        <line num="100" count="0" type="stmt"/>
        <line num="104" count="0" type="stmt"/>
        <line num="105" count="0" type="stmt"/>
        <line num="106" count="0" type="stmt"/>
        <line num="107" count="0" type="stmt"/>
        <line num="117" count="0" type="stmt"/>
        <line num="277" count="0" type="stmt"/>
      </file>
      <file name="crops.ts" path="C:\Users\ronta\PycharmProjects\gardena\src\game\defs\crops.ts">
        <metrics statements="7" coveredstatements="7" conditionals="4" coveredconditionals="4" methods="3" coveredmethods="3"/>
        <line num="20" count="4" type="stmt"/>
        <line num="192" count="4" type="stmt"/>
        <line num="199" count="7878" type="stmt"/>
        <line num="200" count="7878" type="cond" truecount="2" falsecount="0"/>
        <line num="203" count="4" type="stmt"/>
        <line num="221" count="1" type="stmt"/>
        <line num="225" count="3" type="cond" truecount="2" falsecount="0"/>
      </file>
      <file name="items.ts" path="C:\Users\ronta\PycharmProjects\gardena\src\game\defs\items.ts">
        <metrics statements="24" coveredstatements="24" conditionals="0" coveredconditionals="0" methods="0" coveredmethods="0"/>
        <line num="4" count="4" type="stmt"/>
        <line num="10" count="4" type="stmt"/>
        <line num="16" count="4" type="stmt"/>
        <line num="21" count="4" type="stmt"/>
        <line num="22" count="4" type="stmt"/>
        <line num="23" count="4" type="stmt"/>
        <line num="24" count="4" type="stmt"/>
        <line num="25" count="4" type="stmt"/>
        <line num="26" count="4" type="stmt"/>
        <line num="27" count="4" type="stmt"/>
        <line num="28" count="4" type="stmt"/>
        <line num="29" count="4" type="stmt"/>
        <line num="30" count="4" type="stmt"/>
        <line num="31" count="4" type="stmt"/>
        <line num="32" count="4" type="stmt"/>
        <line num="33" count="4" type="stmt"/>
        <line num="34" count="4" type="stmt"/>
        <line num="35" count="4" type="stmt"/>
        <line num="36" count="4" type="stmt"/>
        <line num="37" count="4" type="stmt"/>
        <line num="38" count="4" type="stmt"/>
        <line num="39" count="4" type="stmt"/>
        <line num="40" count="4" type="stmt"/>
        <line num="41" count="4" type="stmt"/>
      </file>
      <file name="rarity.ts" path="C:\Users\ronta\PycharmProjects\gardena\src\game\defs\rarity.ts">
        <metrics statements="35" coveredstatements="35" conditionals="20" coveredconditionals="20" methods="5" coveredmethods="5"/>
        <line num="3" count="5" type="stmt"/>
        <line num="10" count="5" type="stmt"/>
        <line num="17" count="5" type="stmt"/>
        <line num="24" count="5" type="stmt"/>
        <line num="31" count="5" type="stmt"/>
        <line num="38" count="5" type="stmt"/>
        <line num="41" count="4199" type="cond" truecount="2" falsecount="0"/>
        <line num="44" count="5" type="stmt"/>
        <line num="46" count="5" type="stmt"/>
        <line num="48" count="5" type="stmt"/>
        <line num="50" count="5" type="stmt"/>
        <line num="52" count="5" type="stmt"/>
        <line num="54" count="5" type="stmt"/>
        <line num="56" count="5" type="stmt"/>
        <line num="58" count="5" type="stmt"/>
        <line num="61" count="18" type="stmt"/>
        <line num="62" count="18" type="stmt"/>
        <line num="63" count="18" type="cond" truecount="2" falsecount="0"/>
        <line num="64" count="2" type="stmt"/>
        <line num="68" count="7" type="stmt"/>
        <line num="69" count="7" type="stmt"/>
        <line num="70" count="7" type="stmt"/>
        <line num="74" count="14" type="stmt"/>
        <line num="75" count="14" type="cond" truecount="2" falsecount="0"/>
        <line num="76" count="12" type="cond" truecount="2" falsecount="0"/>
        <line num="77" count="10" type="cond" truecount="2" falsecount="0"/>
        <line num="78" count="9" type="stmt"/>
        <line num="82" count="38" type="cond" truecount="2" falsecount="0"/>
        <line num="83" count="14" type="stmt"/>
        <line num="84" count="14" type="stmt"/>
        <line num="85" count="14" type="stmt"/>
        <line num="86" count="14" type="cond" truecount="2" falsecount="0"/>
        <line num="87" count="9" type="cond" truecount="2" falsecount="0"/>
        <line num="88" count="7" type="cond" truecount="2" falsecount="0"/>
        <line num="89" count="1" type="stmt"/>
      </file>
      <file name="research.ts" path="C:\Users\ronta\PycharmProjects\gardena\src\game\defs\research.ts">
        <metrics statements="3" coveredstatements="3" conditionals="0" coveredconditionals="0" methods="0" coveredmethods="0"/>
        <line num="21" count="4" type="stmt"/>
        <line num="266" count="4" type="stmt"/>
        <line num="283" count="4" type="stmt"/>
      </file>
      <file name="skills.ts" path="C:\Users\ronta\PycharmProjects\gardena\src\game\defs\skills.ts">
        <metrics statements="34" coveredstatements="15" conditionals="23" coveredconditionals="7" methods="7" coveredmethods="3"/>
        <line num="14" count="4" type="stmt"/>
        <line num="16" count="4" type="stmt"/>
        <line num="34" count="4" type="stmt"/>
        <line num="47" count="4" type="stmt"/>
        <line num="50" count="5" type="cond" truecount="1" falsecount="1"/>
        <line num="51" count="5" type="cond" truecount="1" falsecount="1"/>
        <line num="54" count="4" type="stmt"/>
        <line num="64" count="4" type="stmt"/>
        <line num="75" count="4" type="stmt"/>
        <line num="124" count="124" type="stmt"/>
        <line num="127" count="4" type="stmt"/>
        <line num="367" count="4" type="stmt"/>
        <line num="370" count="0" type="stmt"/>
        <line num="374" count="0" type="stmt"/>
        <line num="375" count="0" type="cond" truecount="0" falsecount="2"/>
        <line num="376" count="0" type="stmt"/>
        <line num="380" count="0" type="cond" truecount="0" falsecount="12"/>
        <line num="382" count="0" type="stmt"/>
        <line num="384" count="0" type="stmt"/>
        <line num="386" count="0" type="stmt"/>
        <line num="388" count="0" type="stmt"/>
        <line num="390" count="0" type="stmt"/>
        <line num="392" count="0" type="stmt"/>
        <line num="394" count="0" type="stmt"/>
        <line num="396" count="0" type="stmt"/>
        <line num="398" count="0" type="stmt"/>
        <line num="400" count="0" type="stmt"/>
        <line num="401" count="0" type="stmt"/>
        <line num="404" count="0" type="stmt"/>
        <line num="405" count="0" type="stmt"/>
        <line num="408" count="0" type="stmt"/>
        <line num="413" count="324" type="cond" truecount="2" falsecount="0"/>
        <line num="414" count="216" type="cond" truecount="2" falsecount="0"/>
        <line num="415" count="108" type="stmt"/>
      </file>
      <file name="trees.ts" path="C:\Users\ronta\PycharmProjects\gardena\src\game\defs\trees.ts">
        <metrics statements="5" coveredstatements="5" conditionals="0" coveredconditionals="0" methods="0" coveredmethods="0"/>
        <line num="3" count="4" type="stmt"/>
        <line num="4" count="4" type="stmt"/>
        <line num="5" count="4" type="stmt"/>
        <line num="13" count="4" type="stmt"/>
        <line num="20" count="4" type="stmt"/>
      </file>
    </package>
    <package name="net">
      <metrics statements="30" coveredstatements="17" conditionals="8" coveredconditionals="7" methods="20" coveredmethods="7"/>
      <file name="peer.ts" path="C:\Users\ronta\PycharmProjects\gardena\src\game\net\peer.ts">
        <metrics statements="30" coveredstatements="17" conditionals="8" coveredconditionals="7" methods="20" coveredmethods="7"/>
        <line num="5" count="0" type="stmt"/>
        <line num="7" count="0" type="stmt"/>
        <line num="8" count="0" type="stmt"/>
        <line num="9" count="0" type="stmt"/>
        <line num="15" count="2" type="stmt"/>
        <line num="16" count="2" type="stmt"/>
        <line num="17" count="4" type="cond" truecount="2" falsecount="0"/>
        <line num="18" count="2" type="cond" truecount="2" falsecount="0"/>
        <line num="19" count="2" type="cond" truecount="1" falsecount="1"/>
        <line num="21" count="2" type="stmt"/>
        <line num="22" count="2" type="stmt"/>
        <line num="23" count="2" type="cond" truecount="2" falsecount="0"/>
        <line num="24" count="1" type="stmt"/>
        <line num="26" count="2" type="stmt"/>
        <line num="27" count="2" type="stmt"/>
        <line num="29" count="2" type="stmt"/>
        <line num="30" count="1" type="stmt"/>
        <line num="32" count="2" type="stmt"/>
        <line num="34" count="0" type="stmt"/>
        <line num="37" count="3" type="stmt"/>
        <line num="40" count="1" type="stmt"/>
        <line num="41" count="1" type="stmt"/>
        <line num="47" count="0" type="stmt"/>
        <line num="48" count="0" type="stmt"/>
        <line num="49" count="0" type="stmt"/>
        <line num="55" count="0" type="stmt"/>
        <line num="56" count="0" type="stmt"/>
        <line num="57" count="0" type="stmt"/>
        <line num="58" count="0" type="stmt"/>
        <line num="59" count="0" type="stmt"/>
      </file>
    </package>
    <package name="sim">
      <metrics statements="3833" coveredstatements="2391" conditionals="3336" coveredconditionals="1532" methods="687" coveredmethods="487"/>
      <file name="actor.ts" path="C:\Users\ronta\PycharmProjects\gardena\src\game\sim\actor.ts">
        <metrics statements="18" coveredstatements="14" conditionals="6" coveredconditionals="5" methods="4" coveredmethods="3"/>
        <line num="3" count="4" type="stmt"/>
        <line num="8" count="162" type="stmt"/>
        <line num="11" count="162" type="stmt"/>
        <line num="12" count="162" type="stmt"/>
        <line num="16" count="0" type="stmt"/>
        <line num="20" count="72" type="cond" truecount="4" falsecount="0"/>
        <line num="24" count="25" type="stmt"/>
        <line num="25" count="25" type="stmt"/>
        <line num="26" count="25" type="stmt"/>
        <line num="27" count="25" type="stmt"/>
        <line num="28" count="25" type="stmt"/>
        <line num="29" count="25" type="stmt"/>
        <line num="30" count="25" type="cond" truecount="1" falsecount="1"/>
        <line num="31" count="0" type="stmt"/>
        <line num="32" count="0" type="stmt"/>
        <line num="33" count="0" type="stmt"/>
        <line num="35" count="25" type="stmt"/>
        <line num="36" count="25" type="stmt"/>
      </file>
      <file name="building.ts" path="C:\Users\ronta\PycharmProjects\gardena\src\game\sim\building.ts">
        <metrics statements="99" coveredstatements="79" conditionals="37" coveredconditionals="19" methods="26" coveredmethods="21"/>
        <line num="14" count="4" type="stmt"/>
        <line num="17" count="65025" type="stmt"/>
        <line num="21" count="612" type="stmt"/>
        <line num="30" count="303413" type="stmt"/>
        <line num="37" count="59003" type="stmt"/>
        <line num="41" count="6368" type="stmt"/>
        <line num="42" count="6368" type="cond" truecount="2" falsecount="0"/>
        <line num="45" count="4" type="stmt"/>
        <line num="53" count="0" type="stmt"/>
        <line num="54" count="0" type="stmt"/>
        <line num="55" count="0" type="stmt"/>
        <line num="56" count="0" type="stmt"/>
        <line num="57" count="0" type="stmt"/>
        <line num="58" count="0" type="stmt"/>
        <line num="59" count="0" type="cond" truecount="0" falsecount="2"/>
        <line num="60" count="0" type="cond" truecount="0" falsecount="2"/>
        <line num="61" count="0" type="cond" truecount="0" falsecount="2"/>
        <line num="62" count="0" type="cond" truecount="0" falsecount="2"/>
        <line num="64" count="0" type="stmt"/>
        <line num="68" count="0" type="cond" truecount="0" falsecount="2"/>
        <line num="69" count="0" type="stmt"/>
        <line num="70" count="0" type="cond" truecount="0" falsecount="4"/>
        <line num="74" count="1088" type="stmt"/>
        <line num="75" count="1088" type="stmt"/>
        <line num="76" count="1088" type="stmt"/>
        <line num="77" count="1891" type="stmt"/>
        <line num="78" count="5167" type="cond" truecount="2" falsecount="0"/>
        <line num="79" count="5137" type="cond" truecount="1" falsecount="1"/>
        <line num="82" count="1088" type="stmt"/>
        <line num="86" count="1088" type="cond" truecount="2" falsecount="0"/>
        <line num="87" count="886" type="stmt"/>
        <line num="94" count="202" type="stmt"/>
        <line num="103" count="5137" type="stmt"/>
        <line num="104" count="5137" type="stmt"/>
        <line num="105" count="5137" type="stmt"/>
        <line num="106" count="5137" type="stmt"/>
        <line num="107" count="5137" type="cond" truecount="2" falsecount="0"/>
        <line num="108" count="4937" type="stmt"/>
        <line num="109" count="4937" type="stmt"/>
        <line num="110" count="4937" type="stmt"/>
        <line num="111" count="4937" type="stmt"/>
        <line num="112" count="4937" type="stmt"/>
        <line num="113" count="4937" type="stmt"/>
        <line num="114" count="4937" type="cond" truecount="3" falsecount="1"/>
        <line num="115" count="4937" type="stmt"/>
        <line num="117" count="200" type="stmt"/>
        <line num="129" count="200" type="stmt"/>
        <line num="130" count="200" type="stmt"/>
        <line num="131" count="200" type="stmt"/>
        <line num="132" count="200" type="stmt"/>
        <line num="133" count="200" type="cond" truecount="1" falsecount="1"/>
        <line num="134" count="200" type="stmt"/>
        <line num="135" count="200" type="stmt"/>
        <line num="136" count="200" type="stmt"/>
        <line num="137" count="200" type="stmt"/>
        <line num="138" count="200" type="stmt"/>
        <line num="139" count="200" type="stmt"/>
        <line num="140" count="200" type="cond" truecount="3" falsecount="1"/>
        <line num="141" count="200" type="stmt"/>
        <line num="145" count="400" type="stmt"/>
        <line num="148" count="4" type="stmt"/>
        <line num="149" count="4" type="stmt"/>
        <line num="150" count="4" type="stmt"/>
        <line num="151" count="4" type="stmt"/>
        <line num="152" count="4" type="stmt"/>
        <line num="157" count="4" type="stmt"/>
        <line num="160" count="129" type="stmt"/>
        <line num="164" count="129" type="stmt"/>
        <line num="165" count="129" type="stmt"/>
        <line num="170" count="133" type="stmt"/>
        <line num="175" count="133" type="stmt"/>
        <line num="176" count="133" type="stmt"/>
        <line num="177" count="133" type="stmt"/>
        <line num="182" count="0" type="stmt"/>
        <line num="184" count="0" type="stmt"/>
        <line num="186" count="0" type="stmt"/>
        <line num="191" count="0" type="stmt"/>
        <line num="193" count="0" type="stmt"/>
        <line num="195" count="0" type="stmt"/>
        <line num="200" count="3663" type="stmt"/>
        <line num="203" count="3663" type="stmt"/>
        <line num="213" count="133" type="stmt"/>
        <line num="220" count="133" type="stmt"/>
        <line num="221" count="133" type="stmt"/>
        <line num="222" count="133" type="stmt"/>
        <line num="223" count="133" type="stmt"/>
        <line num="224" count="133" type="stmt"/>
        <line num="229" count="3" type="stmt"/>
        <line num="233" count="3" type="stmt"/>
        <line num="234" count="27" type="stmt"/>
        <line num="239" count="5" type="stmt"/>
        <line num="242" count="5" type="stmt"/>
        <line num="247" count="1" type="stmt"/>
        <line num="249" count="1" type="stmt"/>
        <line num="250" count="1" type="stmt"/>
        <line num="252" count="1" type="stmt"/>
        <line num="257" count="129" type="stmt"/>
        <line num="260" count="129" type="stmt"/>
        <line num="265" count="8" type="stmt"/>
      </file>
      <file name="clock.ts" path="C:\Users\ronta\PycharmProjects\gardena\src\game\sim\clock.ts">
        <metrics statements="20" coveredstatements="19" conditionals="10" coveredconditionals="10" methods="4" coveredmethods="3"/>
        <line num="1" count="4" type="stmt"/>
        <line num="5" count="4" type="stmt"/>
        <line num="13" count="2" type="stmt"/>
        <line num="17" count="130" type="stmt"/>
        <line num="18" count="130" type="stmt"/>
        <line num="19" count="130" type="stmt"/>
        <line num="22" count="0" type="stmt"/>
        <line num="26" count="15" type="stmt"/>
        <line num="27" count="15" type="cond" truecount="2" falsecount="0"/>
        <line num="28" count="5" type="cond" truecount="2" falsecount="0"/>
        <line num="29" count="4" type="cond" truecount="2" falsecount="0"/>
        <line num="30" count="3" type="stmt"/>
        <line num="34" count="5034" type="cond" truecount="2" falsecount="0"/>
        <line num="35" count="6" type="stmt"/>
        <line num="36" count="6" type="stmt"/>
        <line num="37" count="6" type="stmt"/>
        <line num="38" count="6" type="stmt"/>
        <line num="40" count="5028" type="stmt"/>
        <line num="41" count="5028" type="cond" truecount="2" falsecount="0"/>
        <line num="42" count="5028" type="stmt"/>
      </file>
      <file name="drop.ts" path="C:\Users\ronta\PycharmProjects\gardena\src\game\sim\drop.ts">
        <metrics statements="5" coveredstatements="1" conditionals="6" coveredconditionals="2" methods="4" coveredmethods="2"/>
        <line num="7" count="0" type="stmt"/>
        <line num="8" count="0" type="stmt"/>
        <line num="9" count="0" type="cond" truecount="0" falsecount="4"/>
        <line num="11" count="0" type="stmt"/>
        <line num="15" count="44" type="cond" truecount="2" falsecount="0"/>
      </file>
      <file name="gen.ts" path="C:\Users\ronta\PycharmProjects\gardena\src\game\sim\gen.ts">
        <metrics statements="79" coveredstatements="79" conditionals="44" coveredconditionals="43" methods="13" coveredmethods="13"/>
        <line num="24" count="4" type="stmt"/>
        <line num="26" count="4" type="stmt"/>
        <line num="33" count="76" type="stmt"/>
        <line num="37" count="110" type="stmt"/>
        <line num="38" count="110" type="stmt"/>
        <line num="39" count="3520" type="stmt"/>
        <line num="40" count="112640" type="stmt"/>
        <line num="41" count="3520" type="stmt"/>
        <line num="43" count="110" type="stmt"/>
        <line num="44" count="110" type="stmt"/>
        <line num="45" count="110" type="stmt"/>
        <line num="46" count="110" type="stmt"/>
        <line num="47" count="3520" type="stmt"/>
        <line num="48" count="112640" type="stmt"/>
        <line num="49" count="112640" type="cond" truecount="2" falsecount="0"/>
        <line num="50" count="110588" type="cond" truecount="2" falsecount="0"/>
        <line num="51" count="110187" type="stmt"/>
        <line num="52" count="110187" type="stmt"/>
        <line num="53" count="110187" type="cond" truecount="2" falsecount="0"/>
        <line num="54" count="2245" type="stmt"/>
        <line num="55" count="2245" type="stmt"/>
        <line num="57" count="107942" type="stmt"/>
        <line num="58" count="107942" type="stmt"/>
        <line num="61" count="110" type="stmt"/>
        <line num="62" count="110" type="cond" truecount="4" falsecount="0"/>
        <line num="63" count="1296" type="stmt"/>
        <line num="64" count="110" type="stmt"/>
        <line num="65" count="216" type="stmt"/>
        <line num="66" count="110" type="stmt"/>
        <line num="70" count="108" type="stmt"/>
        <line num="71" count="108" type="stmt"/>
        <line num="72" count="108" type="stmt"/>
        <line num="73" count="190" type="stmt"/>
        <line num="74" count="190" type="stmt"/>
        <line num="75" count="190" type="cond" truecount="1" falsecount="1"/>
        <line num="76" count="190" type="cond" truecount="4" falsecount="0"/>
        <line num="77" count="183" type="stmt"/>
        <line num="78" count="183" type="stmt"/>
        <line num="79" count="183" type="cond" truecount="6" falsecount="0"/>
        <line num="80" count="108" type="stmt"/>
        <line num="81" count="108" type="stmt"/>
        <line num="82" count="108" type="stmt"/>
        <line num="83" count="108" type="stmt"/>
        <line num="89" count="2245" type="stmt"/>
        <line num="90" count="2245" type="cond" truecount="2" falsecount="0"/>
        <line num="91" count="185" type="stmt"/>
        <line num="92" count="185" type="cond" truecount="2" falsecount="0"/>
        <line num="93" count="175" type="stmt"/>
        <line num="94" count="175" type="stmt"/>
        <line num="95" count="175" type="stmt"/>
        <line num="96" count="175" type="stmt"/>
        <line num="98" count="2060" type="cond" truecount="2" falsecount="0"/>
        <line num="99" count="229" type="stmt"/>
        <line num="100" count="229" type="cond" truecount="2" falsecount="0"/>
        <line num="101" count="226" type="stmt"/>
        <line num="102" count="226" type="stmt"/>
        <line num="103" count="226" type="stmt"/>
        <line num="104" count="226" type="stmt"/>
        <line num="107" count="1844" type="stmt"/>
        <line num="110" count="4" type="stmt"/>
        <line num="113" count="110588" type="stmt"/>
        <line num="117" count="110" type="stmt"/>
        <line num="118" count="110" type="stmt"/>
        <line num="119" count="3520" type="stmt"/>
        <line num="120" count="112640" type="cond" truecount="2" falsecount="0"/>
        <line num="121" count="110588" type="cond" truecount="2" falsecount="0"/>
        <line num="122" count="18792" type="stmt"/>
        <line num="123" count="18792" type="cond" truecount="2" falsecount="0"/>
        <line num="124" count="354" type="stmt"/>
        <line num="125" count="308" type="stmt"/>
        <line num="127" count="18484" type="cond" truecount="4" falsecount="0"/>
        <line num="128" count="1457" type="stmt"/>
        <line num="135" count="414" type="cond" truecount="2" falsecount="0"/>
        <line num="136" count="402" type="cond" truecount="2" falsecount="0"/>
        <line num="137" count="401" type="stmt"/>
        <line num="141" count="130521" type="stmt"/>
        <line num="142" count="130521" type="stmt"/>
        <line num="146" count="114235" type="stmt"/>
        <line num="147" count="114235" type="stmt"/>
      </file>
      <file name="ids.ts" path="C:\Users\ronta\PycharmProjects\gardena\src\game\sim\ids.ts">
        <metrics statements="4" coveredstatements="4" conditionals="4" coveredconditionals="4" methods="2" coveredmethods="2"/>
        <line num="17" count="4" type="stmt"/>
        <line num="30" count="4" type="stmt"/>
        <line num="33" count="205" type="cond" truecount="4" falsecount="0"/>
        <line num="37" count="92" type="stmt"/>
      </file>
      <file name="item.ts" path="C:\Users\ronta\PycharmProjects\gardena\src\game\sim\item.ts">
        <metrics statements="255" coveredstatements="66" conditionals="292" coveredconditionals="59" methods="28" coveredmethods="13"/>
        <line num="85" count="0" type="cond" truecount="0" falsecount="2"/>
        <line num="86" count="0" type="cond" truecount="0" falsecount="2"/>
        <line num="87" count="0" type="cond" truecount="0" falsecount="2"/>
        <line num="88" count="0" type="cond" truecount="0" falsecount="2"/>
        <line num="90" count="0" type="cond" truecount="0" falsecount="2"/>
        <line num="91" count="0" type="cond" truecount="0" falsecount="2"/>
        <line num="92" count="0" type="cond" truecount="0" falsecount="2"/>
        <line num="93" count="0" type="cond" truecount="0" falsecount="2"/>
        <line num="94" count="0" type="cond" truecount="0" falsecount="2"/>
        <line num="95" count="0" type="stmt"/>
        <line num="99" count="0" type="stmt"/>
        <line num="102" count="4" type="stmt"/>
        <line num="108" count="4" type="stmt"/>
        <line num="115" count="1" type="cond" truecount="1" falsecount="1"/>
        <line num="116" count="1" type="stmt"/>
        <line num="120" count="0" type="cond" truecount="0" falsecount="2"/>
        <line num="124" count="1" type="stmt"/>
        <line num="128" count="2" type="stmt"/>
        <line num="135" count="2" type="stmt"/>
        <line num="139" count="20" type="cond" truecount="1" falsecount="1"/>
        <line num="140" count="20" type="cond" truecount="6" falsecount="0"/>
        <line num="141" count="15" type="stmt"/>
        <line num="142" count="5" type="cond" truecount="1" falsecount="1"/>
        <line num="150" count="5" type="stmt"/>
        <line num="152" count="0" type="stmt"/>
        <line num="156" count="5" type="cond" truecount="1" falsecount="1"/>
        <line num="157" count="5" type="stmt"/>
        <line num="158" count="5" type="cond" truecount="2" falsecount="0"/>
        <line num="159" count="3" type="cond" truecount="2" falsecount="0"/>
        <line num="160" count="1" type="cond" truecount="1" falsecount="3"/>
        <line num="161" count="1" type="cond" truecount="1" falsecount="1"/>
        <line num="162" count="1" type="cond" truecount="1" falsecount="1"/>
        <line num="163" count="1" type="cond" truecount="1" falsecount="1"/>
        <line num="164" count="1" type="cond" truecount="1" falsecount="1"/>
        <line num="165" count="1" type="cond" truecount="1" falsecount="1"/>
        <line num="166" count="0" type="cond" truecount="0" falsecount="2"/>
        <line num="167" count="0" type="cond" truecount="0" falsecount="2"/>
        <line num="168" count="0" type="cond" truecount="0" falsecount="2"/>
        <line num="169" count="0" type="cond" truecount="0" falsecount="2"/>
        <line num="170" count="0" type="cond" truecount="0" falsecount="2"/>
        <line num="171" count="0" type="cond" truecount="0" falsecount="2"/>
        <line num="172" count="0" type="cond" truecount="0" falsecount="2"/>
        <line num="173" count="0" type="cond" truecount="0" falsecount="2"/>
        <line num="174" count="0" type="stmt"/>
        <line num="178" count="0" type="stmt"/>
        <line num="182" count="0" type="stmt"/>
        <line num="186" count="2" type="cond" truecount="1" falsecount="1"/>
        <line num="187" count="0" type="stmt"/>
        <line num="189" count="2" type="cond" truecount="1" falsecount="1"/>
        <line num="190" count="0" type="stmt"/>
        <line num="192" count="2" type="cond" truecount="1" falsecount="1"/>
        <line num="193" count="0" type="cond" truecount="0" falsecount="2"/>
        <line num="194" count="0" type="stmt"/>
        <line num="196" count="2" type="cond" truecount="1" falsecount="1"/>
        <line num="197" count="0" type="stmt"/>
        <line num="199" count="2" type="cond" truecount="1" falsecount="1"/>
        <line num="200" count="0" type="stmt"/>
        <line num="202" count="2" type="cond" truecount="1" falsecount="1"/>
        <line num="203" count="0" type="stmt"/>
        <line num="205" count="2" type="cond" truecount="1" falsecount="1"/>
        <line num="206" count="0" type="stmt"/>
        <line num="207" count="0" type="cond" truecount="0" falsecount="2"/>
        <line num="208" count="0" type="stmt"/>
        <line num="209" count="0" type="cond" truecount="0" falsecount="2"/>
        <line num="210" count="0" type="stmt"/>
        <line num="212" count="2" type="cond" truecount="1" falsecount="1"/>
        <line num="213" count="2" type="cond" truecount="1" falsecount="1"/>
        <line num="214" count="2" type="cond" truecount="2" falsecount="0"/>
        <line num="215" count="1" type="stmt"/>
        <line num="217" count="1" type="cond" truecount="1" falsecount="1"/>
        <line num="218" count="0" type="cond" truecount="0" falsecount="2"/>
        <line num="219" count="0" type="cond" truecount="0" falsecount="2"/>
        <line num="220" count="0" type="cond" truecount="0" falsecount="2"/>
        <line num="221" count="0" type="cond" truecount="0" falsecount="2"/>
        <line num="222" count="0" type="cond" truecount="0" falsecount="2"/>
        <line num="223" count="0" type="stmt"/>
        <line num="227" count="0" type="cond" truecount="0" falsecount="2"/>
        <line num="228" count="0" type="stmt"/>
        <line num="232" count="35" type="cond" truecount="13" falsecount="26"/>
        <line num="234" count="0" type="stmt"/>
        <line num="236" count="0" type="stmt"/>
        <line num="238" count="0" type="stmt"/>
        <line num="240" count="0" type="stmt"/>
        <line num="242" count="0" type="stmt"/>
        <line num="244" count="0" type="stmt"/>
        <line num="246" count="0" type="stmt"/>
        <line num="248" count="0" type="stmt"/>
        <line num="250" count="0" type="stmt"/>
        <line num="252" count="0" type="stmt"/>
        <line num="254" count="0" type="stmt"/>
        <line num="256" count="0" type="stmt"/>
        <line num="258" count="0" type="stmt"/>
        <line num="260" count="0" type="stmt"/>
        <line num="262" count="0" type="stmt"/>
        <line num="264" count="0" type="stmt"/>
        <line num="266" count="1" type="stmt"/>
        <line num="268" count="0" type="stmt"/>
        <line num="270" count="0" type="stmt"/>
        <line num="272" count="0" type="stmt"/>
        <line num="274" count="1" type="stmt"/>
        <line num="276" count="5" type="stmt"/>
        <line num="278" count="4" type="stmt"/>
        <line num="280" count="2" type="stmt"/>
        <line num="282" count="13" type="stmt"/>
        <line num="284" count="1" type="stmt"/>
        <line num="286" count="1" type="stmt"/>
        <line num="288" count="1" type="stmt"/>
        <line num="290" count="3" type="stmt"/>
        <line num="292" count="1" type="stmt"/>
        <line num="294" count="1" type="stmt"/>
        <line num="296" count="1" type="stmt"/>
        <line num="298" count="0" type="stmt"/>
        <line num="300" count="0" type="stmt"/>
        <line num="302" count="0" type="stmt"/>
        <line num="304" count="0" type="stmt"/>
        <line num="306" count="0" type="stmt"/>
        <line num="308" count="0" type="stmt"/>
        <line num="310" count="0" type="stmt"/>
        <line num="315" count="0" type="cond" truecount="0" falsecount="39"/>
        <line num="317" count="0" type="stmt"/>
        <line num="319" count="0" type="stmt"/>
        <line num="321" count="0" type="stmt"/>
        <line num="323" count="0" type="stmt"/>
        <line num="325" count="0" type="stmt"/>
        <line num="327" count="0" type="stmt"/>
        <line num="329" count="0" type="stmt"/>
        <line num="331" count="0" type="stmt"/>
        <line num="333" count="0" type="stmt"/>
        <line num="335" count="0" type="stmt"/>
        <line num="337" count="0" type="stmt"/>
        <line num="342" count="0" type="stmt"/>
        <line num="347" count="0" type="stmt"/>
        <line num="349" count="0" type="stmt"/>
        <line num="354" count="0" type="stmt"/>
        <line num="356" count="0" type="stmt"/>
        <line num="360" count="0" type="stmt"/>
        <line num="362" count="0" type="stmt"/>
        <line num="364" count="0" type="stmt"/>
        <line num="368" count="0" type="stmt"/>
        <line num="372" count="0" type="stmt"/>
        <line num="377" count="0" type="stmt"/>
        <line num="382" count="0" type="stmt"/>
        <line num="384" count="0" type="stmt"/>
        <line num="390" count="0" type="stmt"/>
        <line num="392" count="0" type="stmt"/>
        <line num="394" count="0" type="stmt"/>
        <line num="398" count="0" type="stmt"/>
        <line num="400" count="0" type="stmt"/>
        <line num="405" count="0" type="stmt"/>
        <line num="407" count="0" type="stmt"/>
        <line num="412" count="0" type="stmt"/>
        <line num="416" count="0" type="stmt"/>
        <line num="418" count="0" type="stmt"/>
        <line num="420" count="0" type="stmt"/>
        <line num="422" count="0" type="stmt"/>
        <line num="424" count="0" type="stmt"/>
        <line num="426" count="0" type="stmt"/>
        <line num="431" count="0" type="stmt"/>
        <line num="438" count="4" type="stmt"/>
        <line num="440" count="4" type="stmt"/>
        <line num="442" count="4" type="stmt"/>
        <line num="445" count="0" type="cond" truecount="0" falsecount="2"/>
        <line num="446" count="0" type="cond" truecount="0" falsecount="2"/>
        <line num="447" count="0" type="cond" truecount="0" falsecount="2"/>
        <line num="448" count="0" type="cond" truecount="0" falsecount="2"/>
        <line num="449" count="0" type="cond" truecount="0" falsecount="2"/>
        <line num="450" count="0" type="cond" truecount="0" falsecount="2"/>
        <line num="451" count="0" type="cond" truecount="0" falsecount="2"/>
        <line num="452" count="0" type="cond" truecount="0" falsecount="2"/>
        <line num="453" count="0" type="stmt"/>
        <line num="455" count="0" type="cond" truecount="0" falsecount="2"/>
        <line num="456" count="0" type="cond" truecount="0" falsecount="2"/>
        <line num="457" count="0" type="cond" truecount="0" falsecount="2"/>
        <line num="458" count="0" type="cond" truecount="0" falsecount="2"/>
        <line num="459" count="0" type="cond" truecount="0" falsecount="2"/>
        <line num="460" count="0" type="cond" truecount="0" falsecount="2"/>
        <line num="461" count="0" type="cond" truecount="0" falsecount="2"/>
        <line num="462" count="0" type="cond" truecount="0" falsecount="2"/>
        <line num="463" count="0" type="cond" truecount="0" falsecount="2"/>
        <line num="464" count="0" type="stmt"/>
        <line num="468" count="123" type="stmt"/>
        <line num="469" count="123" type="stmt"/>
        <line num="473" count="4" type="stmt"/>
        <line num="474" count="4" type="stmt"/>
        <line num="478" count="108" type="stmt"/>
        <line num="482" count="0" type="stmt"/>
        <line num="486" count="0" type="stmt"/>
        <line num="490" count="0" type="stmt"/>
        <line num="494" count="0" type="stmt"/>
        <line num="498" count="40" type="cond" truecount="8" falsecount="31"/>
        <line num="500" count="7" type="stmt"/>
        <line num="502" count="0" type="stmt"/>
        <line num="504" count="9" type="stmt"/>
        <line num="506" count="0" type="stmt"/>
        <line num="508" count="0" type="stmt"/>
        <line num="510" count="0" type="stmt"/>
        <line num="512" count="0" type="stmt"/>
        <line num="514" count="0" type="stmt"/>
        <line num="516" count="0" type="stmt"/>
        <line num="518" count="0" type="stmt"/>
        <line num="520" count="0" type="stmt"/>
        <line num="522" count="0" type="stmt"/>
        <line num="524" count="0" type="stmt"/>
        <line num="526" count="0" type="stmt"/>
        <line num="528" count="0" type="stmt"/>
        <line num="530" count="0" type="stmt"/>
        <line num="532" count="0" type="stmt"/>
        <line num="534" count="0" type="stmt"/>
        <line num="536" count="0" type="stmt"/>
        <line num="538" count="0" type="stmt"/>
        <line num="540" count="0" type="stmt"/>
        <line num="542" count="4" type="stmt"/>
        <line num="544" count="3" type="stmt"/>
        <line num="546" count="1" type="stmt"/>
        <line num="548" count="7" type="stmt"/>
        <line num="550" count="7" type="stmt"/>
        <line num="552" count="0" type="stmt"/>
        <line num="554" count="0" type="stmt"/>
        <line num="556" count="2" type="stmt"/>
        <line num="558" count="0" type="stmt"/>
        <line num="560" count="0" type="stmt"/>
        <line num="562" count="0" type="stmt"/>
        <line num="564" count="0" type="stmt"/>
        <line num="566" count="0" type="stmt"/>
        <line num="568" count="0" type="stmt"/>
        <line num="570" count="0" type="stmt"/>
        <line num="572" count="0" type="stmt"/>
        <line num="574" count="0" type="stmt"/>
        <line num="576" count="0" type="stmt"/>
        <line num="587" count="0" type="cond" truecount="0" falsecount="2"/>
        <line num="588" count="0" type="cond" truecount="0" falsecount="2"/>
        <line num="589" count="0" type="cond" truecount="0" falsecount="5"/>
        <line num="590" count="0" type="stmt"/>
        <line num="592" count="0" type="stmt"/>
        <line num="602" count="0" type="stmt"/>
        <line num="603" count="0" type="cond" truecount="0" falsecount="2"/>
        <line num="604" count="0" type="cond" truecount="0" falsecount="2"/>
        <line num="605" count="0" type="stmt"/>
        <line num="606" count="0" type="stmt"/>
        <line num="608" count="0" type="cond" truecount="0" falsecount="4"/>
        <line num="609" count="0" type="stmt"/>
        <line num="613" count="0" type="stmt"/>
        <line num="614" count="0" type="cond" truecount="0" falsecount="2"/>
        <line num="615" count="0" type="stmt"/>
        <line num="616" count="0" type="cond" truecount="0" falsecount="2"/>
        <line num="617" count="0" type="stmt"/>
        <line num="618" count="0" type="stmt"/>
        <line num="620" count="0" type="cond" truecount="0" falsecount="4"/>
        <line num="621" count="0" type="stmt"/>
        <line num="622" count="0" type="stmt"/>
        <line num="623" count="0" type="stmt"/>
        <line num="624" count="0" type="cond" truecount="0" falsecount="2"/>
        <line num="625" count="0" type="stmt"/>
        <line num="627" count="0" type="stmt"/>
        <line num="638" count="2" type="stmt"/>
      </file>
      <file name="log.ts" path="C:\Users\ronta\PycharmProjects\gardena\src\game\sim\log.ts">
        <metrics statements="10" coveredstatements="4" conditionals="0" coveredconditionals="0" methods="6" coveredmethods="2"/>
        <line num="8" count="5" type="stmt"/>
        <line num="81" count="153" type="stmt"/>
        <line num="83" count="137" type="stmt"/>
        <line num="86" count="129" type="stmt"/>
        <line num="93" count="0" type="stmt"/>
        <line num="96" count="0" type="stmt"/>
        <line num="97" count="0" type="stmt"/>
        <line num="100" count="0" type="stmt"/>
        <line num="101" count="0" type="stmt"/>
        <line num="104" count="0" type="stmt"/>
      </file>
      <file name="modifiers.ts" path="C:\Users\ronta\PycharmProjects\gardena\src\game\sim\modifiers.ts">
        <metrics statements="6" coveredstatements="6" conditionals="2" coveredconditionals="2" methods="6" coveredmethods="6"/>
        <line num="24" count="3939" type="cond" truecount="2" falsecount="0"/>
        <line num="25" count="3939" type="stmt"/>
        <line num="26" count="3939" type="stmt"/>
        <line num="27" count="3939" type="stmt"/>
        <line num="28" count="3939" type="stmt"/>
        <line num="39" count="3939" type="stmt"/>
      </file>
      <file name="mp.ts" path="C:\Users\ronta\PycharmProjects\gardena\src\game\sim\mp.ts">
        <metrics statements="261" coveredstatements="213" conditionals="220" coveredconditionals="129" methods="45" coveredmethods="38"/>
        <line num="7" count="3" type="stmt"/>
        <line num="29" count="3" type="stmt"/>
        <line num="39" count="3" type="stmt"/>
        <line num="52" count="6" type="cond" truecount="2" falsecount="0"/>
        <line num="56" count="0" type="cond" truecount="0" falsecount="6"/>
        <line num="57" count="0" type="stmt"/>
        <line num="61" count="6" type="cond" truecount="2" falsecount="0"/>
        <line num="62" count="5" type="cond" truecount="3" falsecount="8"/>
        <line num="64" count="0" type="cond" truecount="0" falsecount="4"/>
        <line num="65" count="0" type="stmt"/>
        <line num="68" count="0" type="stmt"/>
        <line num="69" count="0" type="cond" truecount="0" falsecount="2"/>
        <line num="76" count="0" type="stmt"/>
        <line num="78" count="0" type="stmt"/>
        <line num="81" count="0" type="cond" truecount="0" falsecount="5"/>
        <line num="82" count="0" type="stmt"/>
        <line num="85" count="0" type="stmt"/>
        <line num="87" count="0" type="cond" truecount="0" falsecount="4"/>
        <line num="88" count="0" type="stmt"/>
        <line num="91" count="0" type="cond" truecount="0" falsecount="2"/>
        <line num="92" count="0" type="stmt"/>
        <line num="95" count="1" type="cond" truecount="1" falsecount="1"/>
        <line num="96" count="1" type="stmt"/>
        <line num="99" count="0" type="cond" truecount="0" falsecount="4"/>
        <line num="100" count="0" type="stmt"/>
        <line num="103" count="0" type="cond" truecount="0" falsecount="4"/>
        <line num="104" count="0" type="stmt"/>
        <line num="107" count="2" type="cond" truecount="4" falsecount="0"/>
        <line num="108" count="1" type="stmt"/>
        <line num="111" count="2" type="stmt"/>
        <line num="118" count="9" type="stmt"/>
        <line num="120" count="113" type="cond" truecount="1" falsecount="1"/>
        <line num="123" count="9" type="stmt"/>
        <line num="126" count="1" type="stmt"/>
        <line num="127" count="1" type="stmt"/>
        <line num="130" count="9" type="stmt"/>
        <line num="132" count="25" type="cond" truecount="1" falsecount="1"/>
        <line num="135" count="9" type="stmt"/>
        <line num="138" count="0" type="stmt"/>
        <line num="139" count="0" type="stmt"/>
        <line num="142" count="9" type="stmt"/>
        <line num="146" count="34" type="cond" truecount="2" falsecount="0"/>
        <line num="147" count="33" type="cond" truecount="14" falsecount="4"/>
        <line num="150" count="2" type="stmt"/>
        <line num="153" count="2" type="stmt"/>
        <line num="156" count="2" type="stmt"/>
        <line num="163" count="3" type="stmt"/>
        <line num="166" count="2" type="stmt"/>
        <line num="168" count="2" type="cond" truecount="2" falsecount="0"/>
        <line num="170" count="1" type="stmt"/>
        <line num="176" count="4" type="stmt"/>
        <line num="178" count="16" type="cond" truecount="2" falsecount="0"/>
        <line num="179" count="7" type="cond" truecount="3" falsecount="1"/>
        <line num="180" count="7" type="stmt"/>
        <line num="182" count="0" type="stmt"/>
        <line num="184" count="0" type="stmt"/>
        <line num="189" count="0" type="stmt"/>
        <line num="193" count="175" type="stmt"/>
        <line num="194" count="175" type="stmt"/>
        <line num="198" count="18" type="stmt"/>
        <line num="199" count="18" type="stmt"/>
        <line num="200" count="18432" type="stmt"/>
        <line num="201" count="18432" type="cond" truecount="4" falsecount="1"/>
        <line num="202" count="0" type="stmt"/>
        <line num="204" count="18432" type="stmt"/>
        <line num="206" count="36" type="stmt"/>
        <line num="215" count="18" type="stmt"/>
        <line num="229" count="252" type="stmt"/>
        <line num="232" count="18" type="stmt"/>
        <line num="233" count="18" type="stmt"/>
        <line num="234" count="361450" type="stmt"/>
        <line num="235" count="361450" type="stmt"/>
        <line num="237" count="18" type="stmt"/>
        <line num="251" count="11" type="stmt"/>
        <line num="252" count="11" type="stmt"/>
        <line num="254" count="11" type="stmt"/>
        <line num="258" count="11" type="stmt"/>
        <line num="261" count="11" type="stmt"/>
        <line num="262" count="11" type="stmt"/>
        <line num="263" count="40" type="stmt"/>
        <line num="266" count="2" type="stmt"/>
        <line num="267" count="2" type="cond" truecount="1" falsecount="1"/>
        <line num="268" count="2" type="stmt"/>
        <line num="269" count="2" type="stmt"/>
        <line num="270" count="2" type="cond" truecount="3" falsecount="1"/>
        <line num="271" count="2" type="cond" truecount="2" falsecount="2"/>
        <line num="272" count="0" type="stmt"/>
        <line num="273" count="0" type="stmt"/>
        <line num="277" count="176" type="cond" truecount="2" falsecount="0"/>
        <line num="278" count="175" type="stmt"/>
        <line num="279" count="175" type="stmt"/>
        <line num="280" count="175" type="stmt"/>
        <line num="281" count="172" type="cond" truecount="1" falsecount="1"/>
        <line num="282" count="172" type="stmt"/>
        <line num="283" count="172" type="stmt"/>
        <line num="284" count="172" type="stmt"/>
        <line num="286" count="175" type="cond" truecount="4" falsecount="0"/>
        <line num="287" count="5" type="stmt"/>
        <line num="288" count="5" type="stmt"/>
        <line num="289" count="5" type="cond" truecount="1" falsecount="1"/>
        <line num="290" count="5" type="stmt"/>
        <line num="291" count="5" type="stmt"/>
        <line num="296" count="37" type="stmt"/>
        <line num="297" count="37" type="stmt"/>
        <line num="298" count="37" type="cond" truecount="1" falsecount="1"/>
        <line num="301" count="1" type="stmt"/>
        <line num="302" count="1" type="stmt"/>
        <line num="303" count="1" type="stmt"/>
        <line num="306" count="38" type="stmt"/>
        <line num="307" count="39" type="cond" truecount="1" falsecount="1"/>
        <line num="311" count="40" type="cond" truecount="2" falsecount="0"/>
        <line num="312" count="21" type="stmt"/>
        <line num="313" count="21" type="stmt"/>
        <line num="315" count="19" type="cond" truecount="2" falsecount="0"/>
        <line num="316" count="18" type="stmt"/>
        <line num="317" count="18" type="stmt"/>
        <line num="318" count="18" type="stmt"/>
        <line num="319" count="18" type="stmt"/>
        <line num="320" count="18" type="cond" truecount="1" falsecount="1"/>
        <line num="321" count="18" type="stmt"/>
        <line num="323" count="1" type="cond" truecount="1" falsecount="1"/>
        <line num="324" count="1" type="cond" truecount="1" falsecount="1"/>
        <line num="325" count="1" type="stmt"/>
        <line num="326" count="1" type="cond" truecount="1" falsecount="1"/>
        <line num="327" count="0" type="stmt"/>
        <line num="328" count="0" type="stmt"/>
        <line num="330" count="0" type="cond" truecount="0" falsecount="2"/>
        <line num="331" count="0" type="stmt"/>
        <line num="335" count="21" type="cond" truecount="1" falsecount="1"/>
        <line num="336" count="0" type="stmt"/>
        <line num="337" count="0" type="stmt"/>
        <line num="339" count="21" type="cond" truecount="2" falsecount="0"/>
        <line num="340" count="10" type="cond" truecount="2" falsecount="0"/>
        <line num="341" count="5" type="stmt"/>
        <line num="342" count="5" type="stmt"/>
        <line num="343" count="5" type="cond" truecount="2" falsecount="0"/>
        <line num="344" count="2" type="stmt"/>
        <line num="345" count="2" type="stmt"/>
        <line num="346" count="2" type="stmt"/>
        <line num="349" count="8" type="stmt"/>
        <line num="350" count="8" type="stmt"/>
        <line num="351" count="8" type="stmt"/>
        <line num="352" count="8" type="cond" truecount="1" falsecount="1"/>
        <line num="353" count="8" type="stmt"/>
        <line num="354" count="8" type="stmt"/>
        <line num="355" count="8" type="stmt"/>
        <line num="357" count="11" type="cond" truecount="1" falsecount="1"/>
        <line num="358" count="0" type="stmt"/>
        <line num="359" count="0" type="stmt"/>
        <line num="361" count="11" type="stmt"/>
        <line num="362" count="11" type="cond" truecount="2" falsecount="0"/>
        <line num="363" count="1" type="stmt"/>
        <line num="364" count="1" type="stmt"/>
        <line num="366" count="10" type="stmt"/>
        <line num="367" count="10" type="stmt"/>
        <line num="368" count="10" type="stmt"/>
        <line num="369" count="10" type="stmt"/>
        <line num="370" count="10" type="stmt"/>
        <line num="371" count="10" type="cond" truecount="1" falsecount="1"/>
        <line num="372" count="10" type="stmt"/>
        <line num="373" count="10" type="stmt"/>
        <line num="387" count="11" type="stmt"/>
        <line num="388" count="11" type="stmt"/>
        <line num="392" count="11" type="stmt"/>
        <line num="393" count="11" type="stmt"/>
        <line num="400" count="11" type="stmt"/>
        <line num="401" count="11" type="stmt"/>
        <line num="402" count="238" type="stmt"/>
        <line num="405" count="16" type="stmt"/>
        <line num="409" count="1" type="stmt"/>
        <line num="412" count="0" type="stmt"/>
        <line num="413" count="0" type="stmt"/>
        <line num="414" count="0" type="stmt"/>
        <line num="417" count="0" type="stmt"/>
        <line num="420" count="5" type="cond" truecount="2" falsecount="0"/>
        <line num="421" count="1" type="stmt"/>
        <line num="422" count="1" type="stmt"/>
        <line num="424" count="4" type="cond" truecount="2" falsecount="0"/>
        <line num="425" count="2" type="stmt"/>
        <line num="426" count="2" type="stmt"/>
        <line num="428" count="2" type="cond" truecount="4" falsecount="0"/>
        <line num="429" count="1" type="stmt"/>
        <line num="430" count="1" type="cond" truecount="1" falsecount="1"/>
        <line num="431" count="1" type="stmt"/>
        <line num="432" count="1" type="stmt"/>
        <line num="433" count="1" type="stmt"/>
        <line num="436" count="37" type="stmt"/>
        <line num="437" count="37" type="cond" truecount="2" falsecount="0"/>
        <line num="440" count="238" type="cond" truecount="2" falsecount="0"/>
        <line num="441" count="1" type="stmt"/>
        <line num="442" count="1" type="cond" truecount="1" falsecount="1"/>
        <line num="443" count="1" type="stmt"/>
        <line num="445" count="237" type="cond" truecount="2" falsecount="0"/>
        <line num="446" count="10" type="cond" truecount="1" falsecount="1"/>
        <line num="447" count="0" type="stmt"/>
        <line num="448" count="0" type="stmt"/>
        <line num="450" count="10" type="stmt"/>
        <line num="451" count="10" type="cond" truecount="1" falsecount="1"/>
        <line num="452" count="0" type="stmt"/>
        <line num="453" count="0" type="cond" truecount="0" falsecount="2"/>
        <line num="454" count="0" type="stmt"/>
        <line num="455" count="0" type="stmt"/>
        <line num="457" count="10" type="stmt"/>
        <line num="458" count="10" type="stmt"/>
        <line num="459" count="10" type="stmt"/>
        <line num="460" count="10" type="stmt"/>
        <line num="461" count="10" type="stmt"/>
        <line num="462" count="10" type="stmt"/>
        <line num="463" count="10" type="stmt"/>
        <line num="464" count="10" type="cond" truecount="1" falsecount="1"/>
        <line num="465" count="10" type="stmt"/>
        <line num="466" count="10" type="stmt"/>
        <line num="468" count="227" type="cond" truecount="2" falsecount="0"/>
        <line num="469" count="172" type="stmt"/>
        <line num="470" count="172" type="cond" truecount="4" falsecount="0"/>
        <line num="471" count="9" type="stmt"/>
        <line num="472" count="9" type="stmt"/>
        <line num="473" count="9" type="stmt"/>
        <line num="475" count="163" type="stmt"/>
        <line num="476" count="163" type="stmt"/>
        <line num="478" count="55" type="cond" truecount="2" falsecount="0"/>
        <line num="479" count="6" type="stmt"/>
        <line num="480" count="6" type="cond" truecount="1" falsecount="1"/>
        <line num="481" count="6" type="cond" truecount="2" falsecount="0"/>
        <line num="482" count="1" type="stmt"/>
        <line num="483" count="1" type="stmt"/>
        <line num="484" count="1" type="cond" truecount="3" falsecount="1"/>
        <line num="485" count="1" type="stmt"/>
        <line num="487" count="5" type="cond" truecount="2" falsecount="0"/>
        <line num="488" count="4" type="stmt"/>
        <line num="489" count="4" type="stmt"/>
        <line num="491" count="5" type="stmt"/>
        <line num="493" count="49" type="cond" truecount="2" falsecount="0"/>
        <line num="494" count="8" type="stmt"/>
        <line num="495" count="8" type="cond" truecount="1" falsecount="1"/>
        <line num="496" count="0" type="stmt"/>
        <line num="497" count="0" type="cond" truecount="0" falsecount="2"/>
        <line num="498" count="0" type="stmt"/>
        <line num="500" count="8" type="stmt"/>
        <line num="501" count="8" type="cond" truecount="1" falsecount="1"/>
        <line num="502" count="8" type="stmt"/>
        <line num="503" count="8" type="stmt"/>
        <line num="504" count="8" type="stmt"/>
        <line num="505" count="8" type="cond" truecount="2" falsecount="2"/>
        <line num="506" count="8" type="stmt"/>
        <line num="507" count="8" type="stmt"/>
        <line num="508" count="8" type="stmt"/>
        <line num="510" count="41" type="cond" truecount="2" falsecount="0"/>
        <line num="511" count="38" type="stmt"/>
        <line num="512" count="38" type="cond" truecount="1" falsecount="1"/>
        <line num="513" count="38" type="stmt"/>
        <line num="515" count="3" type="cond" truecount="1" falsecount="1"/>
        <line num="516" count="3" type="cond" truecount="2" falsecount="0"/>
        <line num="517" count="3" type="cond" truecount="1" falsecount="1"/>
        <line num="518" count="3" type="stmt"/>
        <line num="522" count="17" type="cond" truecount="1" falsecount="1"/>
        <line num="523" count="17" type="stmt"/>
        <line num="524" count="9" type="stmt"/>
        <line num="525" count="9" type="cond" truecount="1" falsecount="1"/>
        <line num="526" count="9" type="stmt"/>
        <line num="528" count="17" type="cond" truecount="2" falsecount="0"/>
      </file>
      <file name="noise.ts" path="C:\Users\ronta\PycharmProjects\gardena\src\game\sim\noise.ts">
        <metrics statements="33" coveredstatements="33" conditionals="10" coveredconditionals="10" methods="6" coveredmethods="6"/>
        <line num="4" count="4" type="stmt"/>
        <line num="5" count="4" type="stmt"/>
        <line num="7" count="4" type="stmt"/>
        <line num="13" count="4" type="stmt"/>
        <line num="14" count="4" type="stmt"/>
        <line num="15" count="4" type="stmt"/>
        <line num="16" count="4" type="stmt"/>
        <line num="17" count="4" type="stmt"/>
        <line num="18" count="4" type="stmt"/>
        <line num="21" count="107950" type="stmt"/>
        <line num="22" count="107950" type="stmt"/>
        <line num="23" count="107950" type="stmt"/>
        <line num="24" count="323850" type="stmt"/>
        <line num="25" count="107950" type="stmt"/>
        <line num="26" count="107950" type="cond" truecount="2" falsecount="0"/>
        <line num="27" count="107950" type="stmt"/>
        <line num="28" count="107950" type="stmt"/>
        <line num="29" count="107950" type="cond" truecount="4" falsecount="0"/>
        <line num="33" count="107942" type="cond" truecount="2" falsecount="0"/>
        <line num="34" count="99708" type="cond" truecount="2" falsecount="0"/>
        <line num="35" count="88299" type="stmt"/>
        <line num="39" count="323850" type="stmt"/>
        <line num="40" count="323850" type="stmt"/>
        <line num="41" count="323850" type="stmt"/>
        <line num="42" count="323850" type="stmt"/>
        <line num="43" count="323850" type="stmt"/>
        <line num="44" count="323850" type="stmt"/>
        <line num="45" count="323850" type="stmt"/>
        <line num="46" count="323850" type="stmt"/>
        <line num="47" count="323850" type="stmt"/>
        <line num="48" count="323850" type="stmt"/>
        <line num="52" count="647700" type="stmt"/>
        <line num="56" count="971550" type="stmt"/>
      </file>
      <file name="pipe.ts" path="C:\Users\ronta\PycharmProjects\gardena\src\game\sim\pipe.ts">
        <metrics statements="39" coveredstatements="38" conditionals="32" coveredconditionals="25" methods="20" coveredmethods="19"/>
        <line num="25" count="2" type="stmt"/>
        <line num="29" count="2" type="stmt"/>
        <line num="30" count="2" type="stmt"/>
        <line num="35" count="20" type="cond" truecount="1" falsecount="1"/>
        <line num="39" count="30" type="cond" truecount="2" falsecount="0"/>
        <line num="40" count="3" type="stmt"/>
        <line num="44" count="0" type="stmt"/>
        <line num="53" count="65" type="stmt"/>
        <line num="54" count="65" type="stmt"/>
        <line num="55" count="65" type="stmt"/>
        <line num="56" count="66" type="stmt"/>
        <line num="62" count="264" type="stmt"/>
        <line num="63" count="264" type="cond" truecount="2" falsecount="0"/>
        <line num="64" count="262" type="stmt"/>
        <line num="65" count="262" type="stmt"/>
        <line num="68" count="65" type="stmt"/>
        <line num="72" count="77" type="stmt"/>
        <line num="76" count="651" type="stmt"/>
        <line num="80" count="18" type="stmt"/>
        <line num="89" count="15" type="cond" truecount="2" falsecount="0"/>
        <line num="90" count="14" type="cond" truecount="1" falsecount="1"/>
        <line num="92" count="1" type="cond" truecount="1" falsecount="1"/>
        <line num="96" count="11" type="stmt"/>
        <line num="105" count="5" type="stmt"/>
        <line num="106" count="5" type="stmt"/>
        <line num="107" count="5" type="cond" truecount="1" falsecount="1"/>
        <line num="108" count="5" type="cond" truecount="2" falsecount="0"/>
        <line num="109" count="4" type="cond" truecount="2" falsecount="0"/>
        <line num="110" count="3" type="cond" truecount="2" falsecount="0"/>
        <line num="111" count="2" type="cond" truecount="2" falsecount="0"/>
        <line num="112" count="1" type="stmt"/>
        <line num="116" count="123" type="stmt"/>
        <line num="117" count="123" type="cond" truecount="2" falsecount="0"/>
        <line num="118" count="120" type="stmt"/>
        <line num="125" count="3" type="cond" truecount="2" falsecount="0"/>
        <line num="126" count="16" type="stmt"/>
        <line num="128" count="2" type="cond" truecount="2" falsecount="0"/>
        <line num="129" count="8" type="stmt"/>
        <line num="131" count="8" type="stmt"/>
      </file>
      <file name="plant.ts" path="C:\Users\ronta\PycharmProjects\gardena\src\game\sim\plant.ts">
        <metrics statements="18" coveredstatements="12" conditionals="10" coveredconditionals="5" methods="7" coveredmethods="3"/>
        <line num="8" count="58" type="stmt"/>
        <line num="9" count="58" type="stmt"/>
        <line num="10" count="58" type="stmt"/>
        <line num="11" count="58" type="stmt"/>
        <line num="12" count="58" type="stmt"/>
        <line num="18" count="58" type="stmt"/>
        <line num="19" count="58" type="stmt"/>
        <line num="23" count="3722" type="stmt"/>
        <line num="27" count="7303" type="cond" truecount="1" falsecount="1"/>
        <line num="28" count="7303" type="cond" truecount="2" falsecount="0"/>
        <line num="29" count="2402" type="cond" truecount="2" falsecount="0"/>
        <line num="30" count="271" type="stmt"/>
        <line num="35" count="0" type="stmt"/>
        <line num="40" count="0" type="stmt"/>
        <line num="44" count="0" type="cond" truecount="0" falsecount="2"/>
        <line num="49" count="0" type="stmt"/>
        <line num="54" count="0" type="stmt"/>
        <line num="58" count="0" type="cond" truecount="0" falsecount="2"/>
      </file>
      <file name="plot.ts" path="C:\Users\ronta\PycharmProjects\gardena\src\game\sim\plot.ts">
        <metrics statements="6" coveredstatements="3" conditionals="29" coveredconditionals="16" methods="6" coveredmethods="3"/>
        <line num="37" count="222414" type="stmt"/>
        <line num="41" count="34" type="stmt"/>
        <line num="55" count="21512" type="stmt"/>
        <line num="67" count="0" type="cond" truecount="0" falsecount="3"/>
        <line num="71" count="0" type="stmt"/>
        <line num="75" count="0" type="stmt"/>
      </file>
      <file name="prompt.ts" path="C:\Users\ronta\PycharmProjects\gardena\src\game\sim\prompt.ts">
        <metrics statements="208" coveredstatements="76" conditionals="409" coveredconditionals="127" methods="21" coveredmethods="9"/>
        <line num="13" count="4" type="stmt"/>
        <line num="32" count="22" type="stmt"/>
        <line num="36" count="0" type="cond" truecount="0" falsecount="2"/>
        <line num="37" count="0" type="stmt"/>
        <line num="38" count="0" type="cond" truecount="0" falsecount="5"/>
        <line num="39" count="0" type="stmt"/>
        <line num="41" count="0" type="cond" truecount="0" falsecount="2"/>
        <line num="42" count="0" type="cond" truecount="0" falsecount="2"/>
        <line num="43" count="0" type="cond" truecount="0" falsecount="2"/>
        <line num="44" count="0" type="cond" truecount="0" falsecount="4"/>
        <line num="45" count="0" type="stmt"/>
        <line num="47" count="0" type="cond" truecount="0" falsecount="2"/>
        <line num="48" count="0" type="cond" truecount="0" falsecount="4"/>
        <line num="49" count="0" type="stmt"/>
        <line num="51" count="0" type="cond" truecount="0" falsecount="2"/>
        <line num="52" count="0" type="cond" truecount="0" falsecount="2"/>
        <line num="53" count="0" type="stmt"/>
        <line num="57" count="0" type="stmt"/>
        <line num="58" count="0" type="cond" truecount="0" falsecount="2"/>
        <line num="59" count="0" type="cond" truecount="0" falsecount="2"/>
        <line num="63" count="0" type="stmt"/>
        <line num="64" count="0" type="cond" truecount="0" falsecount="4"/>
        <line num="65" count="0" type="cond" truecount="0" falsecount="2"/>
        <line num="69" count="0" type="cond" truecount="0" falsecount="2"/>
        <line num="70" count="0" type="cond" truecount="0" falsecount="4"/>
        <line num="71" count="0" type="stmt"/>
        <line num="73" count="0" type="stmt"/>
        <line num="77" count="0" type="stmt"/>
        <line num="78" count="0" type="cond" truecount="0" falsecount="4"/>
        <line num="79" count="0" type="cond" truecount="0" falsecount="2"/>
        <line num="80" count="0" type="cond" truecount="0" falsecount="2"/>
        <line num="81" count="0" type="cond" truecount="0" falsecount="2"/>
        <line num="82" count="0" type="cond" truecount="0" falsecount="2"/>
        <line num="83" count="0" type="cond" truecount="0" falsecount="2"/>
        <line num="84" count="0" type="cond" truecount="0" falsecount="2"/>
        <line num="85" count="0" type="stmt"/>
        <line num="92" count="0" type="cond" truecount="0" falsecount="2"/>
        <line num="93" count="0" type="stmt"/>
        <line num="95" count="0" type="cond" truecount="0" falsecount="2"/>
        <line num="96" count="0" type="stmt"/>
        <line num="97" count="0" type="cond" truecount="0" falsecount="4"/>
        <line num="98" count="0" type="cond" truecount="0" falsecount="2"/>
        <line num="100" count="0" type="stmt"/>
        <line num="102" count="0" type="cond" truecount="0" falsecount="2"/>
        <line num="103" count="0" type="cond" truecount="0" falsecount="2"/>
        <line num="104" count="0" type="stmt"/>
        <line num="106" count="0" type="cond" truecount="0" falsecount="2"/>
        <line num="107" count="0" type="stmt"/>
        <line num="111" count="1" type="cond" truecount="1" falsecount="1"/>
        <line num="112" count="1" type="cond" truecount="1" falsecount="1"/>
        <line num="113" count="1" type="stmt"/>
        <line num="114" count="1" type="cond" truecount="2" falsecount="2"/>
        <line num="115" count="1" type="cond" truecount="1" falsecount="1"/>
        <line num="116" count="1" type="cond" truecount="1" falsecount="1"/>
        <line num="117" count="1" type="cond" truecount="1" falsecount="1"/>
        <line num="118" count="1" type="cond" truecount="2" falsecount="2"/>
        <line num="119" count="1" type="cond" truecount="1" falsecount="1"/>
        <line num="120" count="1" type="cond" truecount="1" falsecount="1"/>
        <line num="121" count="1" type="cond" truecount="1" falsecount="1"/>
        <line num="122" count="1" type="stmt"/>
        <line num="126" count="0" type="cond" truecount="0" falsecount="6"/>
        <line num="127" count="0" type="cond" truecount="0" falsecount="4"/>
        <line num="128" count="0" type="cond" truecount="0" falsecount="2"/>
        <line num="129" count="0" type="stmt"/>
        <line num="131" count="0" type="stmt"/>
        <line num="133" count="0" type="cond" truecount="0" falsecount="5"/>
        <line num="134" count="0" type="cond" truecount="0" falsecount="5"/>
        <line num="135" count="0" type="cond" truecount="0" falsecount="5"/>
        <line num="136" count="0" type="stmt"/>
        <line num="138" count="0" type="cond" truecount="0" falsecount="2"/>
        <line num="144" count="0" type="cond" truecount="0" falsecount="4"/>
        <line num="145" count="0" type="cond" truecount="0" falsecount="2"/>
        <line num="146" count="0" type="stmt"/>
        <line num="148" count="0" type="stmt"/>
        <line num="150" count="0" type="cond" truecount="0" falsecount="2"/>
        <line num="151" count="0" type="cond" truecount="0" falsecount="4"/>
        <line num="152" count="0" type="cond" truecount="0" falsecount="4"/>
        <line num="153" count="0" type="cond" truecount="0" falsecount="4"/>
        <line num="154" count="0" type="cond" truecount="0" falsecount="4"/>
        <line num="155" count="0" type="stmt"/>
        <line num="157" count="0" type="cond" truecount="0" falsecount="4"/>
        <line num="158" count="0" type="cond" truecount="0" falsecount="2"/>
        <line num="159" count="0" type="cond" truecount="0" falsecount="2"/>
        <line num="160" count="0" type="stmt"/>
        <line num="162" count="0" type="stmt"/>
        <line num="164" count="0" type="stmt"/>
        <line num="168" count="30" type="cond" truecount="2" falsecount="0"/>
        <line num="169" count="29" type="cond" truecount="1" falsecount="1"/>
        <line num="170" count="0" type="cond" truecount="0" falsecount="2"/>
        <line num="178" count="0" type="stmt"/>
        <line num="180" count="0" type="cond" truecount="0" falsecount="2"/>
        <line num="181" count="0" type="cond" truecount="0" falsecount="2"/>
        <line num="186" count="0" type="cond" truecount="0" falsecount="2"/>
        <line num="187" count="0" type="cond" truecount="0" falsecount="2"/>
        <line num="188" count="0" type="stmt"/>
        <line num="190" count="0" type="cond" truecount="0" falsecount="2"/>
        <line num="191" count="0" type="cond" truecount="0" falsecount="2"/>
        <line num="192" count="0" type="cond" truecount="0" falsecount="2"/>
        <line num="193" count="0" type="cond" truecount="0" falsecount="2"/>
        <line num="194" count="0" type="stmt"/>
        <line num="196" count="0" type="cond" truecount="0" falsecount="4"/>
        <line num="197" count="0" type="cond" truecount="0" falsecount="2"/>
        <line num="198" count="0" type="stmt"/>
        <line num="200" count="0" type="cond" truecount="0" falsecount="2"/>
        <line num="206" count="0" type="cond" truecount="0" falsecount="2"/>
        <line num="207" count="0" type="stmt"/>
        <line num="209" count="0" type="cond" truecount="0" falsecount="2"/>
        <line num="210" count="0" type="cond" truecount="0" falsecount="2"/>
        <line num="211" count="0" type="stmt"/>
        <line num="213" count="29" type="cond" truecount="1" falsecount="1"/>
        <line num="214" count="29" type="stmt"/>
        <line num="215" count="29" type="cond" truecount="2" falsecount="0"/>
        <line num="216" count="28" type="cond" truecount="1" falsecount="1"/>
        <line num="217" count="0" type="cond" truecount="0" falsecount="2"/>
        <line num="218" count="0" type="stmt"/>
        <line num="220" count="28" type="cond" truecount="1" falsecount="1"/>
        <line num="221" count="28" type="cond" truecount="1" falsecount="1"/>
        <line num="222" count="28" type="cond" truecount="2" falsecount="0"/>
        <line num="223" count="4" type="cond" truecount="1" falsecount="1"/>
        <line num="224" count="0" type="stmt"/>
        <line num="226" count="24" type="cond" truecount="1" falsecount="1"/>
        <line num="227" count="0" type="cond" truecount="0" falsecount="4"/>
        <line num="228" count="0" type="stmt"/>
        <line num="230" count="24" type="cond" truecount="4" falsecount="1"/>
        <line num="231" count="0" type="cond" truecount="0" falsecount="2"/>
        <line num="232" count="0" type="cond" truecount="0" falsecount="4"/>
        <line num="233" count="0" type="stmt"/>
        <line num="235" count="0" type="stmt"/>
        <line num="237" count="24" type="cond" truecount="4" falsecount="0"/>
        <line num="238" count="5" type="cond" truecount="2" falsecount="0"/>
        <line num="239" count="2" type="stmt"/>
        <line num="240" count="2" type="cond" truecount="3" falsecount="1"/>
        <line num="241" count="2" type="stmt"/>
        <line num="243" count="3" type="cond" truecount="4" falsecount="0"/>
        <line num="244" count="1" type="stmt"/>
        <line num="246" count="2" type="stmt"/>
        <line num="248" count="19" type="cond" truecount="4" falsecount="0"/>
        <line num="249" count="11" type="cond" truecount="5" falsecount="0"/>
        <line num="250" count="2" type="stmt"/>
        <line num="252" count="9" type="cond" truecount="2" falsecount="0"/>
        <line num="253" count="8" type="cond" truecount="5" falsecount="0"/>
        <line num="254" count="1" type="stmt"/>
        <line num="256" count="7" type="cond" truecount="1" falsecount="1"/>
        <line num="257" count="7" type="cond" truecount="5" falsecount="0"/>
        <line num="258" count="4" type="stmt"/>
        <line num="259" count="3" type="cond" truecount="4" falsecount="0"/>
        <line num="260" count="2" type="cond" truecount="2" falsecount="0"/>
        <line num="261" count="1" type="stmt"/>
        <line num="263" count="8" type="cond" truecount="3" falsecount="1"/>
        <line num="264" count="0" type="stmt"/>
        <line num="265" count="0" type="stmt"/>
        <line num="266" count="0" type="cond" truecount="0" falsecount="2"/>
        <line num="267" count="0" type="cond" truecount="0" falsecount="2"/>
        <line num="276" count="0" type="stmt"/>
        <line num="279" count="8" type="cond" truecount="4" falsecount="0"/>
        <line num="280" count="1" type="cond" truecount="1" falsecount="1"/>
        <line num="281" count="1" type="stmt"/>
        <line num="283" count="7" type="cond" truecount="3" falsecount="1"/>
        <line num="284" count="0" type="cond" truecount="0" falsecount="2"/>
        <line num="285" count="0" type="stmt"/>
        <line num="287" count="7" type="cond" truecount="5" falsecount="0"/>
        <line num="288" count="2" type="cond" truecount="1" falsecount="1"/>
        <line num="289" count="0" type="cond" truecount="0" falsecount="2"/>
        <line num="291" count="2" type="cond" truecount="1" falsecount="1"/>
        <line num="292" count="0" type="stmt"/>
        <line num="294" count="5" type="cond" truecount="2" falsecount="3"/>
        <line num="295" count="0" type="cond" truecount="0" falsecount="2"/>
        <line num="296" count="0" type="stmt"/>
        <line num="298" count="5" type="cond" truecount="5" falsecount="0"/>
        <line num="299" count="1" type="stmt"/>
        <line num="301" count="4" type="cond" truecount="5" falsecount="0"/>
        <line num="302" count="2" type="stmt"/>
        <line num="304" count="2" type="cond" truecount="4" falsecount="2"/>
        <line num="305" count="0" type="stmt"/>
        <line num="307" count="2" type="cond" truecount="1" falsecount="1"/>
        <line num="308" count="2" type="cond" truecount="1" falsecount="1"/>
        <line num="309" count="0" type="cond" truecount="0" falsecount="2"/>
        <line num="310" count="0" type="stmt"/>
        <line num="314" count="4" type="cond" truecount="1" falsecount="1"/>
        <line num="315" count="4" type="cond" truecount="1" falsecount="1"/>
        <line num="316" count="4" type="stmt"/>
        <line num="317" count="4" type="cond" truecount="3" falsecount="0"/>
        <line num="321" count="4" type="stmt"/>
        <line num="322" count="4" type="cond" truecount="3" falsecount="1"/>
        <line num="323" count="4" type="cond" truecount="3" falsecount="1"/>
        <line num="324" count="4" type="stmt"/>
        <line num="325" count="4" type="stmt"/>
        <line num="326" count="4" type="stmt"/>
        <line num="335" count="2" type="cond" truecount="1" falsecount="1"/>
        <line num="336" count="0" type="cond" truecount="0" falsecount="2"/>
        <line num="337" count="0" type="stmt"/>
        <line num="341" count="1" type="cond" truecount="1" falsecount="1"/>
        <line num="342" count="0" type="stmt"/>
        <line num="346" count="0" type="cond" truecount="0" falsecount="2"/>
        <line num="347" count="0" type="stmt"/>
        <line num="348" count="0" type="cond" truecount="0" falsecount="4"/>
        <line num="349" count="0" type="cond" truecount="0" falsecount="2"/>
        <line num="350" count="0" type="cond" truecount="0" falsecount="5"/>
        <line num="351" count="0" type="cond" truecount="0" falsecount="2"/>
        <line num="353" count="0" type="stmt"/>
        <line num="357" count="0" type="cond" truecount="0" falsecount="3"/>
        <line num="361" count="0" type="cond" truecount="0" falsecount="2"/>
        <line num="362" count="0" type="stmt"/>
        <line num="366" count="4" type="cond" truecount="2" falsecount="0"/>
        <line num="370" count="22" type="stmt"/>
        <line num="374" count="0" type="cond" truecount="0" falsecount="2"/>
        <line num="375" count="0" type="cond" truecount="0" falsecount="2"/>
        <line num="376" count="0" type="stmt"/>
      </file>
      <file name="rng.ts" path="C:\Users\ronta\PycharmProjects\gardena\src\game\sim\rng.ts">
        <metrics statements="47" coveredstatements="46" conditionals="17" coveredconditionals="17" methods="12" coveredmethods="12"/>
        <line num="4" count="4" type="stmt"/>
        <line num="5" count="16" type="stmt"/>
        <line num="6" count="15" type="stmt"/>
        <line num="7" count="4" type="stmt"/>
        <line num="11" count="5847201" type="stmt"/>
        <line num="12" count="5847201" type="stmt"/>
        <line num="13" count="5847201" type="stmt"/>
        <line num="17" count="312" type="stmt"/>
        <line num="18" count="1286" type="stmt"/>
        <line num="19" count="312" type="stmt"/>
        <line num="23" count="6" type="stmt"/>
        <line num="24" count="6" type="stmt"/>
        <line num="25" count="6" type="stmt"/>
        <line num="26" count="12" type="stmt"/>
        <line num="27" count="12" type="cond" truecount="2" falsecount="0"/>
        <line num="29" count="0" type="stmt"/>
        <line num="40" count="243" type="stmt"/>
        <line num="43" count="1516819" type="stmt"/>
        <line num="44" count="5845831" type="stmt"/>
        <line num="45" count="1516819" type="stmt"/>
        <line num="53" count="69" type="stmt"/>
        <line num="54" count="69" type="stmt"/>
        <line num="57" count="4" type="stmt"/>
        <line num="60" count="53" type="stmt"/>
        <line num="61" count="53" type="stmt"/>
        <line num="62" count="53" type="stmt"/>
        <line num="63" count="53" type="stmt"/>
        <line num="69" count="148" type="stmt"/>
        <line num="70" count="148" type="stmt"/>
        <line num="72" count="148" type="cond" truecount="2" falsecount="0"/>
        <line num="73" count="148" type="cond" truecount="2" falsecount="0"/>
        <line num="74" count="21" type="stmt"/>
        <line num="75" count="21" type="stmt"/>
        <line num="79" count="48" type="stmt"/>
        <line num="80" count="48" type="cond" truecount="2" falsecount="0"/>
        <line num="81" count="4" type="stmt"/>
        <line num="86" count="435225" type="cond" truecount="4" falsecount="0"/>
        <line num="87" count="34" type="stmt"/>
        <line num="88" count="34" type="cond" truecount="2" falsecount="0"/>
        <line num="89" count="27" type="stmt"/>
        <line num="90" count="27" type="stmt"/>
[...]
        <line num="5" count="0" type="stmt"/>
      </file>
      <file name="frame.tsx" path="C:\Users\ronta\PycharmProjects\gardena\src\game\ui\frame.tsx">
        <metrics statements="23" coveredstatements="2" conditionals="22" coveredconditionals="0" methods="12" coveredmethods="0"/>
        <line num="14" count="0" type="stmt"/>
        <line num="15" count="0" type="stmt"/>
        <line num="19" count="0" type="stmt"/>
        <line num="25" count="0" type="stmt"/>
        <line num="26" count="0" type="cond" truecount="0" falsecount="2"/>
        <line num="27" count="0" type="stmt"/>
        <line num="34" count="0" type="cond" truecount="0" falsecount="2"/>
        <line num="35" count="0" type="stmt"/>
        <line num="42" count="0" type="stmt"/>
        <line num="53" count="0" type="stmt"/>
        <line num="62" count="0" type="stmt"/>
        <line num="108" count="1" type="stmt"/>
        <line num="133" count="0" type="stmt"/>
        <line num="134" count="0" type="stmt"/>
        <line num="135" count="0" type="cond" truecount="0" falsecount="2"/>
        <line num="140" count="0" type="stmt"/>
        <line num="165" count="1" type="stmt"/>
        <line num="168" count="0" type="stmt"/>
        <line num="186" count="0" type="stmt"/>
        <line num="225" count="0" type="stmt"/>
        <line num="229" count="0" type="cond" truecount="0" falsecount="2"/>
        <line num="254" count="0" type="stmt"/>
        <line num="282" count="0" type="stmt"/>
      </file>
      <file name="shop.tsx" path="C:\Users\ronta\PycharmProjects\gardena\src\game\ui\shop.tsx">
        <metrics statements="55" coveredstatements="7" conditionals="72" coveredconditionals="0" methods="18" coveredmethods="0"/>
        <line num="12" count="1" type="stmt"/>
        <line num="25" count="1" type="stmt"/>
        <line num="39" count="1" type="stmt"/>
        <line num="40" count="1" type="stmt"/>
        <line num="55" count="1" type="stmt"/>
        <line num="64" count="1" type="stmt"/>
        <line num="73" count="1" type="stmt"/>
        <line num="82" count="0" type="stmt"/>
        <line num="83" count="0" type="stmt"/>
        <line num="84" count="0" type="cond" truecount="0" falsecount="2"/>
        <line num="86" count="0" type="cond" truecount="0" falsecount="5"/>
        <line num="89" count="0" type="stmt"/>
        <line num="119" count="0" type="stmt"/>
        <line num="120" count="0" type="stmt"/>
        <line num="125" count="0" type="stmt"/>
        <line num="131" count="0" type="stmt"/>
        <line num="132" count="0" type="cond" truecount="0" falsecount="2"/>
        <line num="136" count="0" type="stmt"/>
        <line num="138" count="0" type="stmt"/>
        <line num="148" count="0" type="stmt"/>
        <line num="149" count="0" type="stmt"/>
        <line num="150" count="0" type="cond" truecount="0" falsecount="2"/>
        <line num="151" count="0" type="cond" truecount="0" falsecount="2"/>
        <line num="152" count="0" type="cond" truecount="0" falsecount="2"/>
        <line num="153" count="0" type="cond" truecount="0" falsecount="2"/>
        <line num="158" count="0" type="stmt"/>
        <line num="162" count="0" type="stmt"/>
        <line num="163" count="0" type="stmt"/>
        <line num="164" count="0" type="stmt"/>
        <line num="166" count="0" type="cond" truecount="0" falsecount="2"/>
        <line num="167" count="0" type="cond" truecount="0" falsecount="5"/>
        <line num="168" count="0" type="stmt"/>
        <line num="169" count="0" type="stmt"/>
        <line num="171" count="0" type="stmt"/>
        <line num="190" count="0" type="cond" truecount="0" falsecount="2"/>
        <line num="191" count="0" type="cond" truecount="0" falsecount="2"/>
        <line num="192" count="0" type="stmt"/>
        <line num="193" count="0" type="cond" truecount="0" falsecount="2"/>
        <line num="194" count="0" type="stmt"/>
        <line num="198" count="0" type="stmt"/>
        <line num="199" count="0" type="cond" truecount="0" falsecount="4"/>
        <line num="200" count="0" type="cond" truecount="0" falsecount="2"/>
        <line num="201" count="0" type="cond" truecount="0" falsecount="2"/>
        <line num="202" count="0" type="stmt"/>
        <line num="203" count="0" type="stmt"/>
        <line num="204" count="0" type="cond" truecount="0" falsecount="2"/>
        <line num="205" count="0" type="cond" truecount="0" falsecount="2"/>
        <line num="206" count="0" type="stmt"/>
        <line num="207" count="0" type="cond" truecount="0" falsecount="4"/>
        <line num="209" count="0" type="cond" truecount="0" falsecount="2"/>
        <line num="210" count="0" type="stmt"/>
        <line num="212" count="0" type="cond" truecount="0" falsecount="4"/>
        <line num="214" count="0" type="stmt"/>
        <line num="215" count="0" type="cond" truecount="0" falsecount="4"/>
        <line num="217" count="0" type="stmt"/>
      </file>
    </package>
    <package name="view">
      <metrics statements="243" coveredstatements="88" conditionals="264" coveredconditionals="6" methods="28" coveredmethods="3"/>
      <file name="svgs.ts" path="C:\Users\ronta\PycharmProjects\gardena\src\game\view\svgs.ts">
        <metrics statements="243" coveredstatements="88" conditionals="264" coveredconditionals="6" methods="28" coveredmethods="3"/>
        <line num="187" count="1" type="stmt"/>
        <line num="204" count="1" type="stmt"/>
        <line num="221" count="1" type="stmt"/>
        <line num="231" count="0" type="cond" truecount="0" falsecount="2"/>
        <line num="232" count="0" type="cond" truecount="0" falsecount="2"/>
        <line num="233" count="0" type="stmt"/>
        <line num="237" count="0" type="cond" truecount="0" falsecount="2"/>
        <line num="238" count="0" type="cond" truecount="0" falsecount="2"/>
        <line num="239" count="0" type="stmt"/>
        <line num="243" count="0" type="stmt"/>
        <line num="247" count="0" type="cond" truecount="0" falsecount="2"/>
        <line num="248" count="0" type="cond" truecount="0" falsecount="2"/>
        <line num="249" count="0" type="cond" truecount="0" falsecount="2"/>
        <line num="250" count="0" type="cond" truecount="0" falsecount="2"/>
        <line num="251" count="0" type="cond" truecount="0" falsecount="2"/>
        <line num="252" count="0" type="cond" truecount="0" falsecount="2"/>
        <line num="253" count="0" type="cond" truecount="0" falsecount="2"/>
        <line num="254" count="0" type="cond" truecount="0" falsecount="2"/>
        <line num="255" count="0" type="cond" truecount="0" falsecount="2"/>
        <line num="256" count="0" type="cond" truecount="0" falsecount="2"/>
        <line num="257" count="0" type="cond" truecount="0" falsecount="2"/>
        <line num="258" count="0" type="cond" truecount="0" falsecount="2"/>
        <line num="259" count="0" type="cond" truecount="0" falsecount="2"/>
        <line num="260" count="0" type="cond" truecount="0" falsecount="2"/>
        <line num="261" count="0" type="cond" truecount="0" falsecount="2"/>
        <line num="262" count="0" type="cond" truecount="0" falsecount="2"/>
        <line num="263" count="0" type="cond" truecount="0" falsecount="2"/>
        <line num="264" count="0" type="cond" truecount="0" falsecount="2"/>
        <line num="265" count="0" type="cond" truecount="0" falsecount="2"/>
        <line num="266" count="0" type="cond" truecount="0" falsecount="2"/>
        <line num="267" count="0" type="cond" truecount="0" falsecount="2"/>
        <line num="268" count="0" type="cond" truecount="0" falsecount="2"/>
        <line num="269" count="0" type="cond" truecount="0" falsecount="2"/>
        <line num="270" count="0" type="cond" truecount="0" falsecount="2"/>
        <line num="271" count="0" type="stmt"/>
        <line num="273" count="0" type="cond" truecount="0" falsecount="2"/>
        <line num="274" count="0" type="cond" truecount="0" falsecount="2"/>
        <line num="275" count="0" type="cond" truecount="0" falsecount="2"/>
        <line num="276" count="0" type="cond" truecount="0" falsecount="2"/>
        <line num="277" count="0" type="cond" truecount="0" falsecount="2"/>
        <line num="278" count="0" type="cond" truecount="0" falsecount="2"/>
        <line num="279" count="0" type="cond" truecount="0" falsecount="2"/>
        <line num="280" count="0" type="cond" truecount="0" falsecount="2"/>
        <line num="281" count="0" type="stmt"/>
        <line num="285" count="0" type="cond" truecount="0" falsecount="2"/>
        <line num="286" count="0" type="cond" truecount="0" falsecount="2"/>
        <line num="287" count="0" type="cond" truecount="0" falsecount="2"/>
        <line num="288" count="0" type="cond" truecount="0" falsecount="2"/>
        <line num="289" count="0" type="cond" truecount="0" falsecount="2"/>
        <line num="290" count="0" type="cond" truecount="0" falsecount="2"/>
        <line num="291" count="0" type="cond" truecount="0" falsecount="2"/>
        <line num="292" count="0" type="cond" truecount="0" falsecount="2"/>
        <line num="293" count="0" type="cond" truecount="0" falsecount="2"/>
        <line num="294" count="0" type="cond" truecount="0" falsecount="2"/>
        <line num="295" count="0" type="cond" truecount="0" falsecount="2"/>
        <line num="296" count="0" type="cond" truecount="0" falsecount="2"/>
        <line num="297" count="0" type="stmt"/>
        <line num="300" count="1" type="stmt"/>
        <line num="306" count="1" type="stmt"/>
        <line num="312" count="1" type="stmt"/>
        <line num="318" count="1" type="stmt"/>
        <line num="325" count="0" type="stmt"/>
        <line num="328" count="1" type="stmt"/>
        <line num="329" count="1" type="stmt"/>
        <line num="330" count="1" type="stmt"/>
        <line num="331" count="1" type="stmt"/>
        <line num="332" count="1" type="stmt"/>
        <line num="333" count="1" type="stmt"/>
        <line num="336" count="0" type="stmt"/>
        <line num="337" count="0" type="cond" truecount="0" falsecount="2"/>
        <line num="338" count="0" type="cond" truecount="0" falsecount="2"/>
        <line num="339" count="0" type="cond" truecount="0" falsecount="2"/>
        <line num="340" count="0" type="cond" truecount="0" falsecount="2"/>
        <line num="341" count="0" type="cond" truecount="0" falsecount="2"/>
        <line num="342" count="0" type="cond" truecount="0" falsecount="2"/>
        <line num="343" count="0" type="stmt"/>
        <line num="345" count="0" type="cond" truecount="0" falsecount="2"/>
        <line num="346" count="0" type="cond" truecount="0" falsecount="2"/>
        <line num="347" count="0" type="cond" truecount="0" falsecount="2"/>
        <line num="348" count="0" type="cond" truecount="0" falsecount="2"/>
        <line num="349" count="0" type="stmt"/>
        <line num="351" count="0" type="cond" truecount="0" falsecount="4"/>
        <line num="352" count="0" type="cond" truecount="0" falsecount="4"/>
        <line num="353" count="0" type="cond" truecount="0" falsecount="4"/>
        <line num="354" count="0" type="cond" truecount="0" falsecount="4"/>
        <line num="355" count="0" type="cond" truecount="0" falsecount="4"/>
        <line num="356" count="0" type="stmt"/>
        <line num="360" count="0" type="cond" truecount="0" falsecount="22"/>
        <line num="362" count="0" type="stmt"/>
        <line num="364" count="0" type="stmt"/>
        <line num="366" count="0" type="stmt"/>
        <line num="368" count="0" type="stmt"/>
        <line num="370" count="0" type="stmt"/>
        <line num="372" count="0" type="stmt"/>
        <line num="374" count="0" type="stmt"/>
        <line num="376" count="0" type="stmt"/>
        <line num="378" count="0" type="stmt"/>
        <line num="380" count="0" type="stmt"/>
        <line num="382" count="0" type="stmt"/>
        <line num="384" count="0" type="stmt"/>
        <line num="386" count="0" type="stmt"/>
        <line num="388" count="0" type="stmt"/>
        <line num="390" count="0" type="stmt"/>
        <line num="392" count="0" type="stmt"/>
        <line num="394" count="0" type="stmt"/>
        <line num="396" count="0" type="stmt"/>
        <line num="398" count="0" type="stmt"/>
        <line num="400" count="0" type="stmt"/>
        <line num="402" count="0" type="stmt"/>
        <line num="404" count="0" type="stmt"/>
        <line num="408" count="1" type="stmt"/>
        <line num="411" count="0" type="stmt"/>
        <line num="412" count="0" type="cond" truecount="0" falsecount="2"/>
        <line num="413" count="0" type="stmt"/>
        <line num="414" count="0" type="stmt"/>
        <line num="416" count="0" type="stmt"/>
        <line num="425" count="0" type="stmt"/>
        <line num="426" count="0" type="cond" truecount="0" falsecount="2"/>
        <line num="427" count="0" type="cond" truecount="0" falsecount="2"/>
        <line num="428" count="0" type="cond" truecount="0" falsecount="2"/>
        <line num="429" count="0" type="cond" truecount="0" falsecount="2"/>
        <line num="430" count="0" type="cond" truecount="0" falsecount="2"/>
        <line num="431" count="0" type="cond" truecount="0" falsecount="2"/>
        <line num="432" count="0" type="stmt"/>
        <line num="434" count="0" type="cond" truecount="0" falsecount="2"/>
        <line num="435" count="0" type="cond" truecount="0" falsecount="2"/>
        <line num="436" count="0" type="cond" truecount="0" falsecount="2"/>
        <line num="437" count="0" type="cond" truecount="0" falsecount="2"/>
        <line num="438" count="0" type="stmt"/>
        <line num="440" count="0" type="cond" truecount="0" falsecount="4"/>
        <line num="441" count="0" type="cond" truecount="0" falsecount="4"/>
        <line num="442" count="0" type="cond" truecount="0" falsecount="4"/>
        <line num="443" count="0" type="cond" truecount="0" falsecount="4"/>
        <line num="444" count="0" type="cond" truecount="0" falsecount="4"/>
        <line num="445" count="0" type="stmt"/>
        <line num="449" count="0" type="cond" truecount="0" falsecount="2"/>
        <line num="450" count="0" type="cond" truecount="0" falsecount="2"/>
        <line num="452" count="0" type="cond" truecount="0" falsecount="2"/>
        <line num="455" count="0" type="stmt"/>
        <line num="458" count="1" type="stmt"/>
        <line num="459" count="1" type="stmt"/>
        <line num="460" count="1" type="stmt"/>
        <line num="461" count="1" type="stmt"/>
        <line num="462" count="1" type="stmt"/>
        <line num="463" count="1" type="stmt"/>
        <line num="464" count="1" type="stmt"/>
        <line num="465" count="1" type="stmt"/>
        <line num="466" count="1" type="stmt"/>
        <line num="467" count="1" type="stmt"/>
        <line num="468" count="1" type="stmt"/>
        <line num="469" count="1" type="stmt"/>
        <line num="470" count="1" type="stmt"/>
        <line num="471" count="1" type="stmt"/>
        <line num="472" count="1" type="stmt"/>
        <line num="473" count="1" type="stmt"/>
        <line num="474" count="1" type="stmt"/>
        <line num="475" count="1" type="stmt"/>
        <line num="477" count="0" type="cond" truecount="0" falsecount="2"/>
        <line num="479" count="1" type="stmt"/>
        <line num="480" count="1" type="stmt"/>
        <line num="481" count="1" type="stmt"/>
        <line num="482" count="1" type="stmt"/>
        <line num="483" count="1" type="stmt"/>
        <line num="484" count="1" type="stmt"/>
        <line num="486" count="0" type="stmt"/>
        <line num="489" count="0" type="cond" truecount="0" falsecount="2"/>
        <line num="491" count="1" type="stmt"/>
        <line num="492" count="1" type="stmt"/>
        <line num="494" count="0" type="stmt"/>
        <line num="496" count="1" type="stmt"/>
        <line num="497" count="1" type="stmt"/>
        <line num="499" count="0" type="stmt"/>
        <line num="502" count="0" type="stmt"/>
        <line num="504" count="1" type="stmt"/>
        <line num="514" count="1" type="stmt"/>
        <line num="515" count="1" type="stmt"/>
        <line num="516" count="1" type="stmt"/>
        <line num="517" count="1" type="stmt"/>
        <line num="518" count="1" type="stmt"/>
        <line num="519" count="1" type="stmt"/>
        <line num="520" count="1" type="stmt"/>
        <line num="521" count="1" type="stmt"/>
        <line num="522" count="1" type="stmt"/>
        <line num="523" count="1" type="stmt"/>
        <line num="524" count="1" type="stmt"/>
        <line num="525" count="1" type="stmt"/>
        <line num="526" count="1" type="stmt"/>
        <line num="527" count="1" type="stmt"/>
        <line num="528" count="1" type="stmt"/>
        <line num="529" count="1" type="stmt"/>
        <line num="530" count="1" type="stmt"/>
        <line num="531" count="1" type="stmt"/>
        <line num="532" count="1" type="stmt"/>
        <line num="533" count="1" type="stmt"/>
        <line num="534" count="1" type="stmt"/>
        <line num="535" count="1" type="stmt"/>
        <line num="536" count="1" type="stmt"/>
        <line num="537" count="1" type="stmt"/>
        <line num="538" count="1" type="stmt"/>
        <line num="539" count="1" type="stmt"/>
        <line num="540" count="1" type="stmt"/>
        <line num="541" count="1" type="stmt"/>
        <line num="547" count="1" type="stmt"/>
        <line num="582" count="0" type="stmt"/>
        <line num="586" count="0" type="cond" truecount="0" falsecount="2"/>
        <line num="587" count="0" type="cond" truecount="0" falsecount="2"/>
        <line num="600" count="0" type="cond" truecount="0" falsecount="2"/>
        <line num="619" count="0" type="stmt"/>
        <line num="621" count="0" type="stmt"/>
        <line num="623" count="1" type="stmt"/>
        <line num="624" count="1" type="stmt"/>
        <line num="625" count="1" type="stmt"/>
        <line num="635" count="0" type="stmt"/>
        <line num="639" count="4" type="cond" truecount="2" falsecount="0"/>
        <line num="640" count="3" type="cond" truecount="4" falsecount="0"/>
        <line num="641" count="4" type="stmt"/>
        <line num="645" count="0" type="cond" truecount="0" falsecount="4"/>
        <line num="646" count="0" type="cond" truecount="0" falsecount="4"/>
        <line num="647" count="0" type="stmt"/>
        <line num="651" count="0" type="stmt"/>
        <line num="652" count="0" type="stmt"/>
        <line num="653" count="0" type="cond" truecount="0" falsecount="2"/>
        <line num="654" count="0" type="stmt"/>
        <line num="655" count="0" type="cond" truecount="0" falsecount="2"/>
        <line num="656" count="0" type="stmt"/>
        <line num="660" count="0" type="cond" truecount="0" falsecount="2"/>
        <line num="661" count="0" type="stmt"/>
        <line num="662" count="0" type="stmt"/>
        <line num="663" count="0" type="stmt"/>
        <line num="665" count="0" type="stmt"/>
        <line num="667" count="1" type="stmt"/>
        <line num="668" count="1" type="stmt"/>
        <line num="669" count="1" type="stmt"/>
        <line num="670" count="1" type="stmt"/>
        <line num="671" count="1" type="stmt"/>
        <line num="672" count="1" type="stmt"/>
        <line num="675" count="109" type="stmt"/>
        <line num="679" count="3" type="stmt"/>
        <line num="680" count="3" type="stmt"/>
        <line num="681" count="3" type="stmt"/>
        <line num="685" count="0" type="stmt"/>
        <line num="686" count="0" type="stmt"/>
        <line num="687" count="0" type="cond" truecount="0" falsecount="2"/>
      </file>
    </package>
  </project>
</coverage>
